D:\VIDEOSURVEILLANCE\LIBXMLRPC\LIBXMLRPC\DEBUG\ULXMLRPCPP.OBJ
D:\VIDEOSURVEILLANCE\LIBXMLRPC\LIBXMLRPC\DEBUG\ULXR_CONNECTION.OBJ
D:\VIDEOSURVEILLANCE\LIBXMLRPC\LIBXMLRPC\DEBUG\ULXR_EXCEPT.OBJ
D:\VIDEOSURVEILLANCE\LIBXMLRPC\LIBXMLRPC\DEBUG\ULXR_MUTEX.OBJ
D:\VIDEOSURVEILLANCE\LIBXMLRPC\LIBXMLRPC\DEBUG\ULXR_RESPONSE.OBJ
D:\VIDEOSURVEILLANCE\LIBXMLRPC\LIBXMLRPC\DEBUG\ULXR_RESPONSEPARSE.OBJ
D:\VIDEOSURVEILLANCE\LIBXMLRPC\LIBXMLRPC\DEBUG\ULXR_SIGNATURE.OBJ
D:\VIDEOSURVEILLANCE\LIBXMLRPC\LIBXMLRPC\DEBUG\ULXR_TCPIP_CONNECTION.OBJ
D:\VIDEOSURVEILLANCE\LIBXMLRPC\LIBXMLRPC\DEBUG\ULXR_VALUE.OBJ
D:\VIDEOSURVEILLANCE\LIBXMLRPC\LIBXMLRPC\DEBUG\VC110.PDB
D:\VIDEOSURVEILLANCE\LIBXMLRPC\LIBXMLRPC\DEBUG\ULXR_CALLPARSE.OBJ
D:\VIDEOSURVEILLANCE\LIBXMLRPC\LIBXMLRPC\DEBUG\ULXR_DISPATCHER.OBJ
D:\VIDEOSURVEILLANCE\LIBXMLRPC\LIBXMLRPC\DEBUG\ULXR_CALL.OBJ
D:\VIDEOSURVEILLANCE\LIBXMLRPC\LIBXMLRPC\DEBUG\ULXR_PROTOCOL.OBJ
D:\VIDEOSURVEILLANCE\LIBXMLRPC\LIBXMLRPC\DEBUG\ULXR_REQUESTER.OBJ
D:\VIDEOSURVEILLANCE\LIBXMLRPC\LIBXMLRPC\DEBUG\ULXR_SIP_PROTOCOL.OBJ
D:\videosurveillance\libxmlrpc\Debug\libxmlrpc.lib
D:\videosurveillance\libxmlrpc\Debug\libxmlrpc.exp
D:\VIDEOSURVEILLANCE\LIBXMLRPC\DEBUG\LIBXMLRPC.ILK
D:\VIDEOSURVEILLANCE\LIBXMLRPC\DEBUG\LIBXMLRPC.DLL
D:\VIDEOSURVEILLANCE\LIBXMLRPC\DEBUG\LIBXMLRPC.PDB
D:\libxmlrpc\libxmlrpc\Debug\ulxmlrpcpp.obj
D:\libxmlrpc\libxmlrpc\Debug\ulxr_call.obj
D:\libxmlrpc\libxmlrpc\Debug\ulxr_callparse.obj
D:\libxmlrpc\libxmlrpc\Debug\ulxr_connection.obj
D:\libxmlrpc\libxmlrpc\Debug\ulxr_dispatcher.obj
D:\libxmlrpc\libxmlrpc\Debug\ulxr_except.obj
D:\libxmlrpc\libxmlrpc\Debug\ulxr_mutex.obj
D:\libxmlrpc\libxmlrpc\Debug\ulxr_protocol.obj
D:\libxmlrpc\libxmlrpc\Debug\ulxr_requester.obj
D:\libxmlrpc\libxmlrpc\Debug\ulxr_response.obj
D:\libxmlrpc\libxmlrpc\Debug\ulxr_responseparse.obj
D:\libxmlrpc\libxmlrpc\Debug\ulxr_signature.obj
D:\libxmlrpc\libxmlrpc\Debug\ulxr_sip_protocol.obj
D:\libxmlrpc\libxmlrpc\Debug\ulxr_tcpip_connection.obj
D:\libxmlrpc\libxmlrpc\Debug\ulxr_value.obj
D:\libxmlrpc\libxmlrpc\Debug\cl.command.1.tlog
D:\libxmlrpc\libxmlrpc\Debug\CL.read.1.tlog
D:\libxmlrpc\libxmlrpc\Debug\CL.write.1.tlog
D:\libxmlrpc\libxmlrpc\Debug\libxmlrpc.write.1.tlog
D:\libxmlrpc\libxmlrpc\Debug\link-cvtres.read.1.tlog
D:\libxmlrpc\libxmlrpc\Debug\link-cvtres.write.1.tlog
D:\libxmlrpc\libxmlrpc\Debug\link-rc.read.1.tlog
D:\libxmlrpc\libxmlrpc\Debug\link-rc.write.1.tlog
D:\libxmlrpc\libxmlrpc\Debug\link.1004-cvtres.read.1.tlog
D:\libxmlrpc\libxmlrpc\Debug\link.1004-cvtres.write.1.tlog
D:\libxmlrpc\libxmlrpc\Debug\link.1004-rc.read.1.tlog
D:\libxmlrpc\libxmlrpc\Debug\link.1004-rc.write.1.tlog
D:\libxmlrpc\libxmlrpc\Debug\link.1004.read.1.tlog
D:\libxmlrpc\libxmlrpc\Debug\link.1004.write.1.tlog
D:\libxmlrpc\libxmlrpc\Debug\link.1008-cvtres.read.1.tlog
D:\libxmlrpc\libxmlrpc\Debug\link.1008-cvtres.write.1.tlog
D:\libxmlrpc\libxmlrpc\Debug\link.1008-rc.read.1.tlog
D:\libxmlrpc\libxmlrpc\Debug\link.1008-rc.write.1.tlog
D:\libxmlrpc\libxmlrpc\Debug\link.1008.read.1.tlog
D:\libxmlrpc\libxmlrpc\Debug\link.1008.write.1.tlog
D:\libxmlrpc\libxmlrpc\Debug\link.1016-cvtres.read.1.tlog
D:\libxmlrpc\libxmlrpc\Debug\link.1016-cvtres.write.1.tlog
D:\libxmlrpc\libxmlrpc\Debug\link.1016-rc.read.1.tlog
D:\libxmlrpc\libxmlrpc\Debug\link.1016-rc.write.1.tlog
D:\libxmlrpc\libxmlrpc\Debug\link.1016.read.1.tlog
D:\libxmlrpc\libxmlrpc\Debug\link.1016.write.1.tlog
D:\libxmlrpc\libxmlrpc\Debug\link.1104-cvtres.read.1.tlog
D:\libxmlrpc\libxmlrpc\Debug\link.1104-cvtres.write.1.tlog
D:\libxmlrpc\libxmlrpc\Debug\link.1104-rc.read.1.tlog
D:\libxmlrpc\libxmlrpc\Debug\link.1104-rc.write.1.tlog
D:\libxmlrpc\libxmlrpc\Debug\link.1104.read.1.tlog
D:\libxmlrpc\libxmlrpc\Debug\link.1104.write.1.tlog
D:\libxmlrpc\libxmlrpc\Debug\link.1132-cvtres.read.1.tlog
D:\libxmlrpc\libxmlrpc\Debug\link.1132-cvtres.write.1.tlog
D:\libxmlrpc\libxmlrpc\Debug\link.1132-rc.read.1.tlog
D:\libxmlrpc\libxmlrpc\Debug\link.1132-rc.write.1.tlog
D:\libxmlrpc\libxmlrpc\Debug\link.1132.read.1.tlog
D:\libxmlrpc\libxmlrpc\Debug\link.1132.write.1.tlog
D:\libxmlrpc\libxmlrpc\Debug\link.1152-cvtres.read.1.tlog
D:\libxmlrpc\libxmlrpc\Debug\link.1152-cvtres.write.1.tlog
D:\libxmlrpc\libxmlrpc\Debug\link.1152-rc.read.1.tlog
D:\libxmlrpc\libxmlrpc\Debug\link.1152-rc.write.1.tlog
D:\libxmlrpc\libxmlrpc\Debug\link.1152.read.1.tlog
D:\libxmlrpc\libxmlrpc\Debug\link.1152.write.1.tlog
D:\libxmlrpc\libxmlrpc\Debug\link.1264-cvtres.read.1.tlog
D:\libxmlrpc\libxmlrpc\Debug\link.1264-cvtres.write.1.tlog
D:\libxmlrpc\libxmlrpc\Debug\link.1264-rc.read.1.tlog
D:\libxmlrpc\libxmlrpc\Debug\link.1264-rc.write.1.tlog
D:\libxmlrpc\libxmlrpc\Debug\link.1264.read.1.tlog
D:\libxmlrpc\libxmlrpc\Debug\link.1264.write.1.tlog
D:\libxmlrpc\libxmlrpc\Debug\link.1304-cvtres.read.1.tlog
D:\libxmlrpc\libxmlrpc\Debug\link.1304-cvtres.write.1.tlog
D:\libxmlrpc\libxmlrpc\Debug\link.1304-rc.read.1.tlog
D:\libxmlrpc\libxmlrpc\Debug\link.1304-rc.write.1.tlog
D:\libxmlrpc\libxmlrpc\Debug\link.1304.read.1.tlog
D:\libxmlrpc\libxmlrpc\Debug\link.1304.write.1.tlog
D:\libxmlrpc\libxmlrpc\Debug\link.1360-cvtres.read.1.tlog
D:\libxmlrpc\libxmlrpc\Debug\link.1360-cvtres.write.1.tlog
D:\libxmlrpc\libxmlrpc\Debug\link.1360-rc.read.1.tlog
D:\libxmlrpc\libxmlrpc\Debug\link.1360-rc.write.1.tlog
D:\libxmlrpc\libxmlrpc\Debug\link.1360.read.1.tlog
D:\libxmlrpc\libxmlrpc\Debug\link.1360.write.1.tlog
D:\libxmlrpc\libxmlrpc\Debug\link.1440-cvtres.read.1.tlog
D:\libxmlrpc\libxmlrpc\Debug\link.1440-cvtres.write.1.tlog
D:\libxmlrpc\libxmlrpc\Debug\link.1440-rc.read.1.tlog
D:\libxmlrpc\libxmlrpc\Debug\link.1440-rc.write.1.tlog
D:\libxmlrpc\libxmlrpc\Debug\link.1440.read.1.tlog
D:\libxmlrpc\libxmlrpc\Debug\link.1440.write.1.tlog
D:\libxmlrpc\libxmlrpc\Debug\link.1560-cvtres.read.1.tlog
D:\libxmlrpc\libxmlrpc\Debug\link.1560-cvtres.write.1.tlog
D:\libxmlrpc\libxmlrpc\Debug\link.1560-rc.read.1.tlog
D:\libxmlrpc\libxmlrpc\Debug\link.1560-rc.write.1.tlog
D:\libxmlrpc\libxmlrpc\Debug\link.1560.read.1.tlog
D:\libxmlrpc\libxmlrpc\Debug\link.1560.write.1.tlog
D:\libxmlrpc\libxmlrpc\Debug\link.1652-cvtres.read.1.tlog
D:\libxmlrpc\libxmlrpc\Debug\link.1652-cvtres.write.1.tlog
D:\libxmlrpc\libxmlrpc\Debug\link.1652-rc.read.1.tlog
D:\libxmlrpc\libxmlrpc\Debug\link.1652-rc.write.1.tlog
D:\libxmlrpc\libxmlrpc\Debug\link.1652.read.1.tlog
D:\libxmlrpc\libxmlrpc\Debug\link.1652.write.1.tlog
D:\libxmlrpc\libxmlrpc\Debug\link.2072-cvtres.read.1.tlog
D:\libxmlrpc\libxmlrpc\Debug\link.2072-cvtres.write.1.tlog
D:\libxmlrpc\libxmlrpc\Debug\link.2072-rc.read.1.tlog
D:\libxmlrpc\libxmlrpc\Debug\link.2072-rc.write.1.tlog
D:\libxmlrpc\libxmlrpc\Debug\link.2072.read.1.tlog
D:\libxmlrpc\libxmlrpc\Debug\link.2072.write.1.tlog
D:\libxmlrpc\libxmlrpc\Debug\link.2188-cvtres.read.1.tlog
D:\libxmlrpc\libxmlrpc\Debug\link.2188-cvtres.write.1.tlog
D:\libxmlrpc\libxmlrpc\Debug\link.2188-rc.read.1.tlog
D:\libxmlrpc\libxmlrpc\Debug\link.2188-rc.write.1.tlog
D:\libxmlrpc\libxmlrpc\Debug\link.2188.read.1.tlog
D:\libxmlrpc\libxmlrpc\Debug\link.2188.write.1.tlog
D:\libxmlrpc\libxmlrpc\Debug\link.2352-cvtres.read.1.tlog
D:\libxmlrpc\libxmlrpc\Debug\link.2352-cvtres.write.1.tlog
D:\libxmlrpc\libxmlrpc\Debug\link.2352-rc.read.1.tlog
D:\libxmlrpc\libxmlrpc\Debug\link.2352-rc.write.1.tlog
D:\libxmlrpc\libxmlrpc\Debug\link.2352.read.1.tlog
D:\libxmlrpc\libxmlrpc\Debug\link.2352.write.1.tlog
D:\libxmlrpc\libxmlrpc\Debug\link.2368-cvtres.read.1.tlog
D:\libxmlrpc\libxmlrpc\Debug\link.2368-cvtres.write.1.tlog
D:\libxmlrpc\libxmlrpc\Debug\link.2368-rc.read.1.tlog
D:\libxmlrpc\libxmlrpc\Debug\link.2368-rc.write.1.tlog
D:\libxmlrpc\libxmlrpc\Debug\link.2368.read.1.tlog
D:\libxmlrpc\libxmlrpc\Debug\link.2368.write.1.tlog
D:\libxmlrpc\libxmlrpc\Debug\link.2824-cvtres.read.1.tlog
D:\libxmlrpc\libxmlrpc\Debug\link.2824-cvtres.write.1.tlog
D:\libxmlrpc\libxmlrpc\Debug\link.2824-rc.read.1.tlog
D:\libxmlrpc\libxmlrpc\Debug\link.2824-rc.write.1.tlog
D:\libxmlrpc\libxmlrpc\Debug\link.2824.read.1.tlog
D:\libxmlrpc\libxmlrpc\Debug\link.2824.write.1.tlog
D:\libxmlrpc\libxmlrpc\Debug\link.2836-cvtres.read.1.tlog
D:\libxmlrpc\libxmlrpc\Debug\link.2836-cvtres.write.1.tlog
D:\libxmlrpc\libxmlrpc\Debug\link.2836-rc.read.1.tlog
D:\libxmlrpc\libxmlrpc\Debug\link.2836-rc.write.1.tlog
D:\libxmlrpc\libxmlrpc\Debug\link.2836.read.1.tlog
D:\libxmlrpc\libxmlrpc\Debug\link.2836.write.1.tlog
D:\libxmlrpc\libxmlrpc\Debug\link.2868-cvtres.read.1.tlog
D:\libxmlrpc\libxmlrpc\Debug\link.2868-cvtres.write.1.tlog
D:\libxmlrpc\libxmlrpc\Debug\link.2868-rc.read.1.tlog
D:\libxmlrpc\libxmlrpc\Debug\link.2868-rc.write.1.tlog
D:\libxmlrpc\libxmlrpc\Debug\link.2868.read.1.tlog
D:\libxmlrpc\libxmlrpc\Debug\link.2868.write.1.tlog
D:\libxmlrpc\libxmlrpc\Debug\link.2872-cvtres.read.1.tlog
D:\libxmlrpc\libxmlrpc\Debug\link.2872-cvtres.write.1.tlog
D:\libxmlrpc\libxmlrpc\Debug\link.2872-rc.read.1.tlog
D:\libxmlrpc\libxmlrpc\Debug\link.2872-rc.write.1.tlog
D:\libxmlrpc\libxmlrpc\Debug\link.2872.read.1.tlog
D:\libxmlrpc\libxmlrpc\Debug\link.2872.write.1.tlog
D:\libxmlrpc\libxmlrpc\Debug\link.2980-cvtres.read.1.tlog
D:\libxmlrpc\libxmlrpc\Debug\link.2980-cvtres.write.1.tlog
D:\libxmlrpc\libxmlrpc\Debug\link.2980-rc.read.1.tlog
D:\libxmlrpc\libxmlrpc\Debug\link.2980-rc.write.1.tlog
D:\libxmlrpc\libxmlrpc\Debug\link.2980.read.1.tlog
D:\libxmlrpc\libxmlrpc\Debug\link.2980.write.1.tlog
D:\libxmlrpc\libxmlrpc\Debug\link.3012-cvtres.read.1.tlog
D:\libxmlrpc\libxmlrpc\Debug\link.3012-cvtres.write.1.tlog
D:\libxmlrpc\libxmlrpc\Debug\link.3012-rc.read.1.tlog
D:\libxmlrpc\libxmlrpc\Debug\link.3012-rc.write.1.tlog
D:\libxmlrpc\libxmlrpc\Debug\link.3012.read.1.tlog
D:\libxmlrpc\libxmlrpc\Debug\link.3012.write.1.tlog
D:\libxmlrpc\libxmlrpc\Debug\link.3044-cvtres.read.1.tlog
D:\libxmlrpc\libxmlrpc\Debug\link.3044-cvtres.write.1.tlog
D:\libxmlrpc\libxmlrpc\Debug\link.3044-rc.read.1.tlog
D:\libxmlrpc\libxmlrpc\Debug\link.3044-rc.write.1.tlog
D:\libxmlrpc\libxmlrpc\Debug\link.3044.read.1.tlog
D:\libxmlrpc\libxmlrpc\Debug\link.3044.write.1.tlog
D:\libxmlrpc\libxmlrpc\Debug\link.3096-cvtres.read.1.tlog
D:\libxmlrpc\libxmlrpc\Debug\link.3096-cvtres.write.1.tlog
D:\libxmlrpc\libxmlrpc\Debug\link.3096-rc.read.1.tlog
D:\libxmlrpc\libxmlrpc\Debug\link.3096-rc.write.1.tlog
D:\libxmlrpc\libxmlrpc\Debug\link.3096.read.1.tlog
D:\libxmlrpc\libxmlrpc\Debug\link.3096.write.1.tlog
D:\libxmlrpc\libxmlrpc\Debug\link.3140-cvtres.read.1.tlog
D:\libxmlrpc\libxmlrpc\Debug\link.3140-cvtres.write.1.tlog
D:\libxmlrpc\libxmlrpc\Debug\link.3140-rc.read.1.tlog
D:\libxmlrpc\libxmlrpc\Debug\link.3140-rc.write.1.tlog
D:\libxmlrpc\libxmlrpc\Debug\link.3140.read.1.tlog
D:\libxmlrpc\libxmlrpc\Debug\link.3140.write.1.tlog
D:\libxmlrpc\libxmlrpc\Debug\link.3376-cvtres.read.1.tlog
D:\libxmlrpc\libxmlrpc\Debug\link.3376-cvtres.write.1.tlog
D:\libxmlrpc\libxmlrpc\Debug\link.3376-rc.read.1.tlog
D:\libxmlrpc\libxmlrpc\Debug\link.3376-rc.write.1.tlog
D:\libxmlrpc\libxmlrpc\Debug\link.3376.read.1.tlog
D:\libxmlrpc\libxmlrpc\Debug\link.3376.write.1.tlog
D:\libxmlrpc\libxmlrpc\Debug\link.3392-cvtres.read.1.tlog
D:\libxmlrpc\libxmlrpc\Debug\link.3392-cvtres.write.1.tlog
D:\libxmlrpc\libxmlrpc\Debug\link.3392-rc.read.1.tlog
D:\libxmlrpc\libxmlrpc\Debug\link.3392-rc.write.1.tlog
D:\libxmlrpc\libxmlrpc\Debug\link.3392.read.1.tlog
D:\libxmlrpc\libxmlrpc\Debug\link.3392.write.1.tlog
D:\libxmlrpc\libxmlrpc\Debug\link.3432-cvtres.read.1.tlog
D:\libxmlrpc\libxmlrpc\Debug\link.3432-cvtres.write.1.tlog
D:\libxmlrpc\libxmlrpc\Debug\link.3432-rc.read.1.tlog
D:\libxmlrpc\libxmlrpc\Debug\link.3432-rc.write.1.tlog
D:\libxmlrpc\libxmlrpc\Debug\link.3432.read.1.tlog
D:\libxmlrpc\libxmlrpc\Debug\link.3432.write.1.tlog
D:\libxmlrpc\libxmlrpc\Debug\link.3456-cvtres.read.1.tlog
D:\libxmlrpc\libxmlrpc\Debug\link.3456-cvtres.write.1.tlog
D:\libxmlrpc\libxmlrpc\Debug\link.3456-rc.read.1.tlog
D:\libxmlrpc\libxmlrpc\Debug\link.3456-rc.write.1.tlog
D:\libxmlrpc\libxmlrpc\Debug\link.3456.read.1.tlog
D:\libxmlrpc\libxmlrpc\Debug\link.3456.write.1.tlog
D:\libxmlrpc\libxmlrpc\Debug\link.3508-cvtres.read.1.tlog
D:\libxmlrpc\libxmlrpc\Debug\link.3508-cvtres.write.1.tlog
D:\libxmlrpc\libxmlrpc\Debug\link.3508-rc.read.1.tlog
D:\libxmlrpc\libxmlrpc\Debug\link.3508-rc.write.1.tlog
D:\libxmlrpc\libxmlrpc\Debug\link.3508.read.1.tlog
D:\libxmlrpc\libxmlrpc\Debug\link.3508.write.1.tlog
D:\libxmlrpc\libxmlrpc\Debug\link.3568-cvtres.read.1.tlog
D:\libxmlrpc\libxmlrpc\Debug\link.3568-cvtres.write.1.tlog
D:\libxmlrpc\libxmlrpc\Debug\link.3568-rc.read.1.tlog
D:\libxmlrpc\libxmlrpc\Debug\link.3568-rc.write.1.tlog
D:\libxmlrpc\libxmlrpc\Debug\link.3568.read.1.tlog
D:\libxmlrpc\libxmlrpc\Debug\link.3568.write.1.tlog
D:\libxmlrpc\libxmlrpc\Debug\link.3596-cvtres.read.1.tlog
D:\libxmlrpc\libxmlrpc\Debug\link.3596-cvtres.write.1.tlog
D:\libxmlrpc\libxmlrpc\Debug\link.3596-rc.read.1.tlog
D:\libxmlrpc\libxmlrpc\Debug\link.3596-rc.write.1.tlog
D:\libxmlrpc\libxmlrpc\Debug\link.3596.read.1.tlog
D:\libxmlrpc\libxmlrpc\Debug\link.3596.write.1.tlog
D:\libxmlrpc\libxmlrpc\Debug\link.3640-cvtres.read.1.tlog
D:\libxmlrpc\libxmlrpc\Debug\link.3640-cvtres.write.1.tlog
D:\libxmlrpc\libxmlrpc\Debug\link.3640-rc.read.1.tlog
D:\libxmlrpc\libxmlrpc\Debug\link.3640-rc.write.1.tlog
D:\libxmlrpc\libxmlrpc\Debug\link.3640.read.1.tlog
D:\libxmlrpc\libxmlrpc\Debug\link.3640.write.1.tlog
D:\libxmlrpc\libxmlrpc\Debug\link.3648-cvtres.read.1.tlog
D:\libxmlrpc\libxmlrpc\Debug\link.3648-cvtres.write.1.tlog
D:\libxmlrpc\libxmlrpc\Debug\link.3648-rc.read.1.tlog
D:\libxmlrpc\libxmlrpc\Debug\link.3648-rc.write.1.tlog
D:\libxmlrpc\libxmlrpc\Debug\link.3648.read.1.tlog
D:\libxmlrpc\libxmlrpc\Debug\link.3648.write.1.tlog
D:\libxmlrpc\libxmlrpc\Debug\link.3692-cvtres.read.1.tlog
D:\libxmlrpc\libxmlrpc\Debug\link.3692-cvtres.write.1.tlog
D:\libxmlrpc\libxmlrpc\Debug\link.3692-rc.read.1.tlog
D:\libxmlrpc\libxmlrpc\Debug\link.3692-rc.write.1.tlog
D:\libxmlrpc\libxmlrpc\Debug\link.3692.read.1.tlog
D:\libxmlrpc\libxmlrpc\Debug\link.3692.write.1.tlog
D:\libxmlrpc\libxmlrpc\Debug\link.3848-cvtres.read.1.tlog
D:\libxmlrpc\libxmlrpc\Debug\link.3848-cvtres.write.1.tlog
D:\libxmlrpc\libxmlrpc\Debug\link.3848-rc.read.1.tlog
D:\libxmlrpc\libxmlrpc\Debug\link.3848-rc.write.1.tlog
D:\libxmlrpc\libxmlrpc\Debug\link.3848.read.1.tlog
D:\libxmlrpc\libxmlrpc\Debug\link.3848.write.1.tlog
D:\libxmlrpc\libxmlrpc\Debug\link.3872-cvtres.read.1.tlog
D:\libxmlrpc\libxmlrpc\Debug\link.3872-cvtres.write.1.tlog
D:\libxmlrpc\libxmlrpc\Debug\link.3872-rc.read.1.tlog
D:\libxmlrpc\libxmlrpc\Debug\link.3872-rc.write.1.tlog
D:\libxmlrpc\libxmlrpc\Debug\link.3872.read.1.tlog
D:\libxmlrpc\libxmlrpc\Debug\link.3872.write.1.tlog
D:\libxmlrpc\libxmlrpc\Debug\link.3948-cvtres.read.1.tlog
D:\libxmlrpc\libxmlrpc\Debug\link.3948-cvtres.write.1.tlog
D:\libxmlrpc\libxmlrpc\Debug\link.3948-rc.read.1.tlog
D:\libxmlrpc\libxmlrpc\Debug\link.3948-rc.write.1.tlog
D:\libxmlrpc\libxmlrpc\Debug\link.3948.read.1.tlog
D:\libxmlrpc\libxmlrpc\Debug\link.3948.write.1.tlog
D:\libxmlrpc\libxmlrpc\Debug\link.3952-cvtres.read.1.tlog
D:\libxmlrpc\libxmlrpc\Debug\link.3952-cvtres.write.1.tlog
D:\libxmlrpc\libxmlrpc\Debug\link.3952-rc.read.1.tlog
D:\libxmlrpc\libxmlrpc\Debug\link.3952-rc.write.1.tlog
D:\libxmlrpc\libxmlrpc\Debug\link.3952.read.1.tlog
D:\libxmlrpc\libxmlrpc\Debug\link.3952.write.1.tlog
D:\libxmlrpc\libxmlrpc\Debug\link.3972-cvtres.read.1.tlog
D:\libxmlrpc\libxmlrpc\Debug\link.3972-cvtres.write.1.tlog
D:\libxmlrpc\libxmlrpc\Debug\link.3972-rc.read.1.tlog
D:\libxmlrpc\libxmlrpc\Debug\link.3972-rc.write.1.tlog
D:\libxmlrpc\libxmlrpc\Debug\link.3972.read.1.tlog
D:\libxmlrpc\libxmlrpc\Debug\link.3972.write.1.tlog
D:\libxmlrpc\libxmlrpc\Debug\link.4260-cvtres.read.1.tlog
D:\libxmlrpc\libxmlrpc\Debug\link.4260-cvtres.write.1.tlog
D:\libxmlrpc\libxmlrpc\Debug\link.4260-rc.read.1.tlog
D:\libxmlrpc\libxmlrpc\Debug\link.4260-rc.write.1.tlog
D:\libxmlrpc\libxmlrpc\Debug\link.4260.read.1.tlog
D:\libxmlrpc\libxmlrpc\Debug\link.4260.write.1.tlog
D:\libxmlrpc\libxmlrpc\Debug\link.4272-cvtres.read.1.tlog
D:\libxmlrpc\libxmlrpc\Debug\link.4272-cvtres.write.1.tlog
D:\libxmlrpc\libxmlrpc\Debug\link.4272-rc.read.1.tlog
D:\libxmlrpc\libxmlrpc\Debug\link.4272-rc.write.1.tlog
D:\libxmlrpc\libxmlrpc\Debug\link.4272.read.1.tlog
D:\libxmlrpc\libxmlrpc\Debug\link.4272.write.1.tlog
D:\libxmlrpc\libxmlrpc\Debug\link.4292-cvtres.read.1.tlog
D:\libxmlrpc\libxmlrpc\Debug\link.4292-cvtres.write.1.tlog
D:\libxmlrpc\libxmlrpc\Debug\link.4292-rc.read.1.tlog
D:\libxmlrpc\libxmlrpc\Debug\link.4292-rc.write.1.tlog
D:\libxmlrpc\libxmlrpc\Debug\link.4292.read.1.tlog
D:\libxmlrpc\libxmlrpc\Debug\link.4292.write.1.tlog
D:\libxmlrpc\libxmlrpc\Debug\link.4352-cvtres.read.1.tlog
D:\libxmlrpc\libxmlrpc\Debug\link.4352-cvtres.write.1.tlog
D:\libxmlrpc\libxmlrpc\Debug\link.4352-rc.read.1.tlog
D:\libxmlrpc\libxmlrpc\Debug\link.4352-rc.write.1.tlog
D:\libxmlrpc\libxmlrpc\Debug\link.4352.read.1.tlog
D:\libxmlrpc\libxmlrpc\Debug\link.4352.write.1.tlog
D:\libxmlrpc\libxmlrpc\Debug\link.4396-cvtres.read.1.tlog
D:\libxmlrpc\libxmlrpc\Debug\link.4396-cvtres.write.1.tlog
D:\libxmlrpc\libxmlrpc\Debug\link.4396-rc.read.1.tlog
D:\libxmlrpc\libxmlrpc\Debug\link.4396-rc.write.1.tlog
D:\libxmlrpc\libxmlrpc\Debug\link.4396.read.1.tlog
D:\libxmlrpc\libxmlrpc\Debug\link.4396.write.1.tlog
D:\libxmlrpc\libxmlrpc\Debug\link.4436-cvtres.read.1.tlog
D:\libxmlrpc\libxmlrpc\Debug\link.4436-cvtres.write.1.tlog
D:\libxmlrpc\libxmlrpc\Debug\link.4436-rc.read.1.tlog
D:\libxmlrpc\libxmlrpc\Debug\link.4436-rc.write.1.tlog
D:\libxmlrpc\libxmlrpc\Debug\link.4436.read.1.tlog
D:\libxmlrpc\libxmlrpc\Debug\link.4436.write.1.tlog
D:\libxmlrpc\libxmlrpc\Debug\link.4472-cvtres.read.1.tlog
D:\libxmlrpc\libxmlrpc\Debug\link.4472-cvtres.write.1.tlog
D:\libxmlrpc\libxmlrpc\Debug\link.4472-rc.read.1.tlog
D:\libxmlrpc\libxmlrpc\Debug\link.4472-rc.write.1.tlog
D:\libxmlrpc\libxmlrpc\Debug\link.4472.read.1.tlog
D:\libxmlrpc\libxmlrpc\Debug\link.4472.write.1.tlog
D:\libxmlrpc\libxmlrpc\Debug\link.4476-cvtres.read.1.tlog
D:\libxmlrpc\libxmlrpc\Debug\link.4476-cvtres.write.1.tlog
D:\libxmlrpc\libxmlrpc\Debug\link.4476-rc.read.1.tlog
D:\libxmlrpc\libxmlrpc\Debug\link.4476-rc.write.1.tlog
D:\libxmlrpc\libxmlrpc\Debug\link.4476.read.1.tlog
D:\libxmlrpc\libxmlrpc\Debug\link.4476.write.1.tlog
D:\libxmlrpc\libxmlrpc\Debug\link.4728-cvtres.read.1.tlog
D:\libxmlrpc\libxmlrpc\Debug\link.4728-cvtres.write.1.tlog
D:\libxmlrpc\libxmlrpc\Debug\link.4728-rc.read.1.tlog
D:\libxmlrpc\libxmlrpc\Debug\link.4728-rc.write.1.tlog
D:\libxmlrpc\libxmlrpc\Debug\link.4728.read.1.tlog
D:\libxmlrpc\libxmlrpc\Debug\link.4728.write.1.tlog
D:\libxmlrpc\libxmlrpc\Debug\link.4812-cvtres.read.1.tlog
D:\libxmlrpc\libxmlrpc\Debug\link.4812-cvtres.write.1.tlog
D:\libxmlrpc\libxmlrpc\Debug\link.4812-rc.read.1.tlog
D:\libxmlrpc\libxmlrpc\Debug\link.4812-rc.write.1.tlog
D:\libxmlrpc\libxmlrpc\Debug\link.4812.read.1.tlog
D:\libxmlrpc\libxmlrpc\Debug\link.4812.write.1.tlog
D:\libxmlrpc\libxmlrpc\Debug\link.4880-cvtres.read.1.tlog
D:\libxmlrpc\libxmlrpc\Debug\link.4880-cvtres.write.1.tlog
D:\libxmlrpc\libxmlrpc\Debug\link.4880-rc.read.1.tlog
D:\libxmlrpc\libxmlrpc\Debug\link.4880-rc.write.1.tlog
D:\libxmlrpc\libxmlrpc\Debug\link.4880.read.1.tlog
D:\libxmlrpc\libxmlrpc\Debug\link.4880.write.1.tlog
D:\libxmlrpc\libxmlrpc\Debug\link.5024-cvtres.read.1.tlog
D:\libxmlrpc\libxmlrpc\Debug\link.5024-cvtres.write.1.tlog
D:\libxmlrpc\libxmlrpc\Debug\link.5024-rc.read.1.tlog
D:\libxmlrpc\libxmlrpc\Debug\link.5024-rc.write.1.tlog
D:\libxmlrpc\libxmlrpc\Debug\link.5024.read.1.tlog
D:\libxmlrpc\libxmlrpc\Debug\link.5024.write.1.tlog
D:\libxmlrpc\libxmlrpc\Debug\link.5072-cvtres.read.1.tlog
D:\libxmlrpc\libxmlrpc\Debug\link.5072-cvtres.write.1.tlog
D:\libxmlrpc\libxmlrpc\Debug\link.5072-rc.read.1.tlog
D:\libxmlrpc\libxmlrpc\Debug\link.5072-rc.write.1.tlog
D:\libxmlrpc\libxmlrpc\Debug\link.5072.read.1.tlog
D:\libxmlrpc\libxmlrpc\Debug\link.5072.write.1.tlog
D:\libxmlrpc\libxmlrpc\Debug\link.5240-cvtres.read.1.tlog
D:\libxmlrpc\libxmlrpc\Debug\link.5240-cvtres.write.1.tlog
D:\libxmlrpc\libxmlrpc\Debug\link.5240-rc.read.1.tlog
D:\libxmlrpc\libxmlrpc\Debug\link.5240-rc.write.1.tlog
D:\libxmlrpc\libxmlrpc\Debug\link.5240.read.1.tlog
D:\libxmlrpc\libxmlrpc\Debug\link.5240.write.1.tlog
D:\libxmlrpc\libxmlrpc\Debug\link.5252-cvtres.read.1.tlog
D:\libxmlrpc\libxmlrpc\Debug\link.5252-cvtres.write.1.tlog
D:\libxmlrpc\libxmlrpc\Debug\link.5252-rc.read.1.tlog
D:\libxmlrpc\libxmlrpc\Debug\link.5252-rc.write.1.tlog
D:\libxmlrpc\libxmlrpc\Debug\link.5252.read.1.tlog
D:\libxmlrpc\libxmlrpc\Debug\link.5252.write.1.tlog
D:\libxmlrpc\libxmlrpc\Debug\link.5268-cvtres.read.1.tlog
D:\libxmlrpc\libxmlrpc\Debug\link.5268-cvtres.write.1.tlog
D:\libxmlrpc\libxmlrpc\Debug\link.5268-rc.read.1.tlog
D:\libxmlrpc\libxmlrpc\Debug\link.5268-rc.write.1.tlog
D:\libxmlrpc\libxmlrpc\Debug\link.5268.read.1.tlog
D:\libxmlrpc\libxmlrpc\Debug\link.5268.write.1.tlog
D:\libxmlrpc\libxmlrpc\Debug\link.532-cvtres.read.1.tlog
D:\libxmlrpc\libxmlrpc\Debug\link.532-cvtres.write.1.tlog
D:\libxmlrpc\libxmlrpc\Debug\link.532-rc.read.1.tlog
D:\libxmlrpc\libxmlrpc\Debug\link.532-rc.write.1.tlog
D:\libxmlrpc\libxmlrpc\Debug\link.532.read.1.tlog
D:\libxmlrpc\libxmlrpc\Debug\link.532.write.1.tlog
D:\libxmlrpc\libxmlrpc\Debug\link.5320-cvtres.read.1.tlog
D:\libxmlrpc\libxmlrpc\Debug\link.5320-cvtres.write.1.tlog
D:\libxmlrpc\libxmlrpc\Debug\link.5320-rc.read.1.tlog
D:\libxmlrpc\libxmlrpc\Debug\link.5320-rc.write.1.tlog
D:\libxmlrpc\libxmlrpc\Debug\link.5320.read.1.tlog
D:\libxmlrpc\libxmlrpc\Debug\link.5320.write.1.tlog
D:\libxmlrpc\libxmlrpc\Debug\link.5348-cvtres.read.1.tlog
D:\libxmlrpc\libxmlrpc\Debug\link.5348-cvtres.write.1.tlog
D:\libxmlrpc\libxmlrpc\Debug\link.5348-rc.read.1.tlog
D:\libxmlrpc\libxmlrpc\Debug\link.5348-rc.write.1.tlog
D:\libxmlrpc\libxmlrpc\Debug\link.5348.read.1.tlog
D:\libxmlrpc\libxmlrpc\Debug\link.5348.write.1.tlog
D:\libxmlrpc\libxmlrpc\Debug\link.5352-cvtres.read.1.tlog
D:\libxmlrpc\libxmlrpc\Debug\link.5352-cvtres.write.1.tlog
D:\libxmlrpc\libxmlrpc\Debug\link.5352-rc.read.1.tlog
D:\libxmlrpc\libxmlrpc\Debug\link.5352-rc.write.1.tlog
D:\libxmlrpc\libxmlrpc\Debug\link.5352.read.1.tlog
D:\libxmlrpc\libxmlrpc\Debug\link.5352.write.1.tlog
D:\libxmlrpc\libxmlrpc\Debug\link.5416-cvtres.read.1.tlog
D:\libxmlrpc\libxmlrpc\Debug\link.5416-cvtres.write.1.tlog
D:\libxmlrpc\libxmlrpc\Debug\link.5416-rc.read.1.tlog
D:\libxmlrpc\libxmlrpc\Debug\link.5416-rc.write.1.tlog
D:\libxmlrpc\libxmlrpc\Debug\link.5416.read.1.tlog
D:\libxmlrpc\libxmlrpc\Debug\link.5416.write.1.tlog
D:\libxmlrpc\libxmlrpc\Debug\link.5464-cvtres.read.1.tlog
D:\libxmlrpc\libxmlrpc\Debug\link.5464-cvtres.write.1.tlog
D:\libxmlrpc\libxmlrpc\Debug\link.5464-rc.read.1.tlog
D:\libxmlrpc\libxmlrpc\Debug\link.5464-rc.write.1.tlog
D:\libxmlrpc\libxmlrpc\Debug\link.5464.read.1.tlog
D:\libxmlrpc\libxmlrpc\Debug\link.5464.write.1.tlog
D:\libxmlrpc\libxmlrpc\Debug\link.5524-cvtres.read.1.tlog
D:\libxmlrpc\libxmlrpc\Debug\link.5524-cvtres.write.1.tlog
D:\libxmlrpc\libxmlrpc\Debug\link.5524-rc.read.1.tlog
D:\libxmlrpc\libxmlrpc\Debug\link.5524-rc.write.1.tlog
D:\libxmlrpc\libxmlrpc\Debug\link.5524.read.1.tlog
D:\libxmlrpc\libxmlrpc\Debug\link.5524.write.1.tlog
D:\libxmlrpc\libxmlrpc\Debug\link.5596-cvtres.read.1.tlog
D:\libxmlrpc\libxmlrpc\Debug\link.5596-cvtres.write.1.tlog
D:\libxmlrpc\libxmlrpc\Debug\link.5596-rc.read.1.tlog
D:\libxmlrpc\libxmlrpc\Debug\link.5596-rc.write.1.tlog
D:\libxmlrpc\libxmlrpc\Debug\link.5596.read.1.tlog
D:\libxmlrpc\libxmlrpc\Debug\link.5596.write.1.tlog
D:\libxmlrpc\libxmlrpc\Debug\link.5608-cvtres.read.1.tlog
D:\libxmlrpc\libxmlrpc\Debug\link.5608-cvtres.write.1.tlog
D:\libxmlrpc\libxmlrpc\Debug\link.5608-rc.read.1.tlog
D:\libxmlrpc\libxmlrpc\Debug\link.5608-rc.write.1.tlog
D:\libxmlrpc\libxmlrpc\Debug\link.5608.read.1.tlog
D:\libxmlrpc\libxmlrpc\Debug\link.5608.write.1.tlog
D:\libxmlrpc\libxmlrpc\Debug\link.5648-cvtres.read.1.tlog
D:\libxmlrpc\libxmlrpc\Debug\link.5648-cvtres.write.1.tlog
D:\libxmlrpc\libxmlrpc\Debug\link.5648-rc.read.1.tlog
D:\libxmlrpc\libxmlrpc\Debug\link.5648-rc.write.1.tlog
D:\libxmlrpc\libxmlrpc\Debug\link.5648.read.1.tlog
D:\libxmlrpc\libxmlrpc\Debug\link.5648.write.1.tlog
D:\libxmlrpc\libxmlrpc\Debug\link.5716-cvtres.read.1.tlog
D:\libxmlrpc\libxmlrpc\Debug\link.5716-cvtres.write.1.tlog
D:\libxmlrpc\libxmlrpc\Debug\link.5716-rc.read.1.tlog
D:\libxmlrpc\libxmlrpc\Debug\link.5716-rc.write.1.tlog
D:\libxmlrpc\libxmlrpc\Debug\link.5716.read.1.tlog
D:\libxmlrpc\libxmlrpc\Debug\link.5716.write.1.tlog
D:\libxmlrpc\libxmlrpc\Debug\link.5728-cvtres.read.1.tlog
D:\libxmlrpc\libxmlrpc\Debug\link.5728-cvtres.write.1.tlog
D:\libxmlrpc\libxmlrpc\Debug\link.5728-rc.read.1.tlog
D:\libxmlrpc\libxmlrpc\Debug\link.5728-rc.write.1.tlog
D:\libxmlrpc\libxmlrpc\Debug\link.5728.read.1.tlog
D:\libxmlrpc\libxmlrpc\Debug\link.5728.write.1.tlog
D:\libxmlrpc\libxmlrpc\Debug\link.5792-cvtres.read.1.tlog
D:\libxmlrpc\libxmlrpc\Debug\link.5792-cvtres.write.1.tlog
D:\libxmlrpc\libxmlrpc\Debug\link.5792-rc.read.1.tlog
D:\libxmlrpc\libxmlrpc\Debug\link.5792-rc.write.1.tlog
D:\libxmlrpc\libxmlrpc\Debug\link.5792.read.1.tlog
D:\libxmlrpc\libxmlrpc\Debug\link.5792.write.1.tlog
D:\libxmlrpc\libxmlrpc\Debug\link.5796-cvtres.read.1.tlog
D:\libxmlrpc\libxmlrpc\Debug\link.5796-cvtres.write.1.tlog
D:\libxmlrpc\libxmlrpc\Debug\link.5796-rc.read.1.tlog
D:\libxmlrpc\libxmlrpc\Debug\link.5796-rc.write.1.tlog
D:\libxmlrpc\libxmlrpc\Debug\link.5796.read.1.tlog
D:\libxmlrpc\libxmlrpc\Debug\link.5796.write.1.tlog
D:\libxmlrpc\libxmlrpc\Debug\link.5812-cvtres.read.1.tlog
D:\libxmlrpc\libxmlrpc\Debug\link.5812-cvtres.write.1.tlog
D:\libxmlrpc\libxmlrpc\Debug\link.5812-rc.read.1.tlog
D:\libxmlrpc\libxmlrpc\Debug\link.5812-rc.write.1.tlog
D:\libxmlrpc\libxmlrpc\Debug\link.5812.read.1.tlog
D:\libxmlrpc\libxmlrpc\Debug\link.5812.write.1.tlog
D:\libxmlrpc\libxmlrpc\Debug\link.5832-cvtres.read.1.tlog
D:\libxmlrpc\libxmlrpc\Debug\link.5832-cvtres.write.1.tlog
D:\libxmlrpc\libxmlrpc\Debug\link.5832-rc.read.1.tlog
D:\libxmlrpc\libxmlrpc\Debug\link.5832-rc.write.1.tlog
D:\libxmlrpc\libxmlrpc\Debug\link.5832.read.1.tlog
D:\libxmlrpc\libxmlrpc\Debug\link.5832.write.1.tlog
D:\libxmlrpc\libxmlrpc\Debug\link.5992-cvtres.read.1.tlog
D:\libxmlrpc\libxmlrpc\Debug\link.5992-cvtres.write.1.tlog
D:\libxmlrpc\libxmlrpc\Debug\link.5992-rc.read.1.tlog
D:\libxmlrpc\libxmlrpc\Debug\link.5992-rc.write.1.tlog
D:\libxmlrpc\libxmlrpc\Debug\link.5992.read.1.tlog
D:\libxmlrpc\libxmlrpc\Debug\link.5992.write.1.tlog
D:\libxmlrpc\libxmlrpc\Debug\link.6020-cvtres.read.1.tlog
D:\libxmlrpc\libxmlrpc\Debug\link.6020-cvtres.write.1.tlog
D:\libxmlrpc\libxmlrpc\Debug\link.6020-rc.read.1.tlog
D:\libxmlrpc\libxmlrpc\Debug\link.6020-rc.write.1.tlog
D:\libxmlrpc\libxmlrpc\Debug\link.6020.read.1.tlog
D:\libxmlrpc\libxmlrpc\Debug\link.6020.write.1.tlog
D:\libxmlrpc\libxmlrpc\Debug\link.6232-cvtres.read.1.tlog
D:\libxmlrpc\libxmlrpc\Debug\link.6232-cvtres.write.1.tlog
D:\libxmlrpc\libxmlrpc\Debug\link.6232-rc.read.1.tlog
D:\libxmlrpc\libxmlrpc\Debug\link.6232-rc.write.1.tlog
D:\libxmlrpc\libxmlrpc\Debug\link.6232.read.1.tlog
D:\libxmlrpc\libxmlrpc\Debug\link.6232.write.1.tlog
D:\libxmlrpc\libxmlrpc\Debug\link.6340-cvtres.read.1.tlog
D:\libxmlrpc\libxmlrpc\Debug\link.6340-cvtres.write.1.tlog
D:\libxmlrpc\libxmlrpc\Debug\link.6340-rc.read.1.tlog
D:\libxmlrpc\libxmlrpc\Debug\link.6340-rc.write.1.tlog
D:\libxmlrpc\libxmlrpc\Debug\link.6340.read.1.tlog
D:\libxmlrpc\libxmlrpc\Debug\link.6340.write.1.tlog
D:\libxmlrpc\libxmlrpc\Debug\link.6356-cvtres.read.1.tlog
D:\libxmlrpc\libxmlrpc\Debug\link.6356-cvtres.write.1.tlog
D:\libxmlrpc\libxmlrpc\Debug\link.6356-rc.read.1.tlog
D:\libxmlrpc\libxmlrpc\Debug\link.6356-rc.write.1.tlog
D:\libxmlrpc\libxmlrpc\Debug\link.6356.read.1.tlog
D:\libxmlrpc\libxmlrpc\Debug\link.6356.write.1.tlog
D:\libxmlrpc\libxmlrpc\Debug\link.6456-cvtres.read.1.tlog
D:\libxmlrpc\libxmlrpc\Debug\link.6456-cvtres.write.1.tlog
D:\libxmlrpc\libxmlrpc\Debug\link.6456-rc.read.1.tlog
D:\libxmlrpc\libxmlrpc\Debug\link.6456-rc.write.1.tlog
D:\libxmlrpc\libxmlrpc\Debug\link.6456.read.1.tlog
D:\libxmlrpc\libxmlrpc\Debug\link.6456.write.1.tlog
D:\libxmlrpc\libxmlrpc\Debug\link.648-cvtres.read.1.tlog
D:\libxmlrpc\libxmlrpc\Debug\link.648-cvtres.write.1.tlog
D:\libxmlrpc\libxmlrpc\Debug\link.648-rc.read.1.tlog
D:\libxmlrpc\libxmlrpc\Debug\link.648-rc.write.1.tlog
D:\libxmlrpc\libxmlrpc\Debug\link.648.read.1.tlog
D:\libxmlrpc\libxmlrpc\Debug\link.648.write.1.tlog
D:\libxmlrpc\libxmlrpc\Debug\link.6896-cvtres.read.1.tlog
D:\libxmlrpc\libxmlrpc\Debug\link.6896-cvtres.write.1.tlog
D:\libxmlrpc\libxmlrpc\Debug\link.6896-rc.read.1.tlog
D:\libxmlrpc\libxmlrpc\Debug\link.6896-rc.write.1.tlog
D:\libxmlrpc\libxmlrpc\Debug\link.6896.read.1.tlog
D:\libxmlrpc\libxmlrpc\Debug\link.6896.write.1.tlog
D:\libxmlrpc\libxmlrpc\Debug\link.6992-cvtres.read.1.tlog
D:\libxmlrpc\libxmlrpc\Debug\link.6992-cvtres.write.1.tlog
D:\libxmlrpc\libxmlrpc\Debug\link.6992-rc.read.1.tlog
D:\libxmlrpc\libxmlrpc\Debug\link.6992-rc.write.1.tlog
D:\libxmlrpc\libxmlrpc\Debug\link.6992.read.1.tlog
D:\libxmlrpc\libxmlrpc\Debug\link.6992.write.1.tlog
D:\libxmlrpc\libxmlrpc\Debug\link.7052-cvtres.read.1.tlog
D:\libxmlrpc\libxmlrpc\Debug\link.7052-cvtres.write.1.tlog
D:\libxmlrpc\libxmlrpc\Debug\link.7052-rc.read.1.tlog
D:\libxmlrpc\libxmlrpc\Debug\link.7052-rc.write.1.tlog
D:\libxmlrpc\libxmlrpc\Debug\link.7052.read.1.tlog
D:\libxmlrpc\libxmlrpc\Debug\link.7052.write.1.tlog
D:\libxmlrpc\libxmlrpc\Debug\link.7424-cvtres.read.1.tlog
D:\libxmlrpc\libxmlrpc\Debug\link.7424-cvtres.write.1.tlog
D:\libxmlrpc\libxmlrpc\Debug\link.7424-rc.read.1.tlog
D:\libxmlrpc\libxmlrpc\Debug\link.7424-rc.write.1.tlog
D:\libxmlrpc\libxmlrpc\Debug\link.7424.read.1.tlog
D:\libxmlrpc\libxmlrpc\Debug\link.7424.write.1.tlog
D:\libxmlrpc\libxmlrpc\Debug\link.7612-cvtres.read.1.tlog
D:\libxmlrpc\libxmlrpc\Debug\link.7612-cvtres.write.1.tlog
D:\libxmlrpc\libxmlrpc\Debug\link.7612-rc.read.1.tlog
D:\libxmlrpc\libxmlrpc\Debug\link.7612-rc.write.1.tlog
D:\libxmlrpc\libxmlrpc\Debug\link.7612.read.1.tlog
D:\libxmlrpc\libxmlrpc\Debug\link.7612.write.1.tlog
D:\libxmlrpc\libxmlrpc\Debug\link.7676-cvtres.read.1.tlog
D:\libxmlrpc\libxmlrpc\Debug\link.7676-cvtres.write.1.tlog
D:\libxmlrpc\libxmlrpc\Debug\link.7676-rc.read.1.tlog
D:\libxmlrpc\libxmlrpc\Debug\link.7676-rc.write.1.tlog
D:\libxmlrpc\libxmlrpc\Debug\link.7676.read.1.tlog
D:\libxmlrpc\libxmlrpc\Debug\link.7676.write.1.tlog
D:\libxmlrpc\libxmlrpc\Debug\link.7684-cvtres.read.1.tlog
D:\libxmlrpc\libxmlrpc\Debug\link.7684-cvtres.write.1.tlog
D:\libxmlrpc\libxmlrpc\Debug\link.7684-rc.read.1.tlog
D:\libxmlrpc\libxmlrpc\Debug\link.7684-rc.write.1.tlog
D:\libxmlrpc\libxmlrpc\Debug\link.7684.read.1.tlog
D:\libxmlrpc\libxmlrpc\Debug\link.7684.write.1.tlog
D:\libxmlrpc\libxmlrpc\Debug\link.8044-cvtres.read.1.tlog
D:\libxmlrpc\libxmlrpc\Debug\link.8044-cvtres.write.1.tlog
D:\libxmlrpc\libxmlrpc\Debug\link.8044-rc.read.1.tlog
D:\libxmlrpc\libxmlrpc\Debug\link.8044-rc.write.1.tlog
D:\libxmlrpc\libxmlrpc\Debug\link.8044.read.1.tlog
D:\libxmlrpc\libxmlrpc\Debug\link.8044.write.1.tlog
D:\libxmlrpc\libxmlrpc\Debug\link.command.1.tlog
D:\libxmlrpc\libxmlrpc\Debug\link.read.1.tlog
D:\libxmlrpc\libxmlrpc\Debug\link.write.1.tlog
D:\libxmlrpc\libxmlrpc\Debug\vc110.idb
D:\libxmlrpc\libxmlrpc\Debug\vc110.pdb
D:\libxmlrpc\Debug\libxmlrpc.pdb
D:\libxmlrpc\Debug\libxmlrpc.dll
D:\libxmlrpc\Debug\libxmlrpc.ilk
