D:\VIDEOSURVEILLANCE\LIBXMLRPC\XMLRPCSERVER\DEBUG\XMLRPCSERVER.OBJ
D:\VIDEOSURVEILLANCE\LIBXMLRPC\XMLRPCSERVER\DEBUG\VC110.PDB
D:\VIDEOSURVEILLANCE\LIBXMLRPC\DEBUG\XMLRPCSERVER.ILK
D:\VIDEOSURVEILLANCE\LIBXMLRPC\DEBUG\XMLRPCSERVER.EXE
D:\VIDEOSURVEILLANCE\LIBXMLRPC\DEBUG\XMLRPCSERVER.PDB
D:\libxmlrpc\xmlrpcserver\Debug\xmlrpcserver.obj
D:\libxmlrpc\xmlrpcserver\Debug\cl.command.1.tlog
D:\libxmlrpc\xmlrpcserver\Debug\CL.read.1.tlog
D:\libxmlrpc\xmlrpcserver\Debug\CL.write.1.tlog
D:\libxmlrpc\xmlrpcserver\Debug\link-cvtres.read.1.tlog
D:\libxmlrpc\xmlrpcserver\Debug\link-cvtres.write.1.tlog
D:\libxmlrpc\xmlrpcserver\Debug\link-rc.read.1.tlog
D:\libxmlrpc\xmlrpcserver\Debug\link-rc.write.1.tlog
D:\libxmlrpc\xmlrpcserver\Debug\link.1272-cvtres.read.1.tlog
D:\libxmlrpc\xmlrpcserver\Debug\link.1272-cvtres.write.1.tlog
D:\libxmlrpc\xmlrpcserver\Debug\link.1272-rc.read.1.tlog
D:\libxmlrpc\xmlrpcserver\Debug\link.1272-rc.write.1.tlog
D:\libxmlrpc\xmlrpcserver\Debug\link.1272.read.1.tlog
D:\libxmlrpc\xmlrpcserver\Debug\link.1272.write.1.tlog
D:\libxmlrpc\xmlrpcserver\Debug\link.1344-cvtres.read.1.tlog
D:\libxmlrpc\xmlrpcserver\Debug\link.1344-cvtres.write.1.tlog
D:\libxmlrpc\xmlrpcserver\Debug\link.1344-rc.read.1.tlog
D:\libxmlrpc\xmlrpcserver\Debug\link.1344-rc.write.1.tlog
D:\libxmlrpc\xmlrpcserver\Debug\link.1344.read.1.tlog
D:\libxmlrpc\xmlrpcserver\Debug\link.1344.write.1.tlog
D:\libxmlrpc\xmlrpcserver\Debug\link.1712-cvtres.read.1.tlog
D:\libxmlrpc\xmlrpcserver\Debug\link.1712-cvtres.write.1.tlog
D:\libxmlrpc\xmlrpcserver\Debug\link.1712-rc.read.1.tlog
D:\libxmlrpc\xmlrpcserver\Debug\link.1712-rc.write.1.tlog
D:\libxmlrpc\xmlrpcserver\Debug\link.1712.read.1.tlog
D:\libxmlrpc\xmlrpcserver\Debug\link.1712.write.1.tlog
D:\libxmlrpc\xmlrpcserver\Debug\link.1824-cvtres.read.1.tlog
D:\libxmlrpc\xmlrpcserver\Debug\link.1824-cvtres.write.1.tlog
D:\libxmlrpc\xmlrpcserver\Debug\link.1824-rc.read.1.tlog
D:\libxmlrpc\xmlrpcserver\Debug\link.1824-rc.write.1.tlog
D:\libxmlrpc\xmlrpcserver\Debug\link.1824.read.1.tlog
D:\libxmlrpc\xmlrpcserver\Debug\link.1824.write.1.tlog
D:\libxmlrpc\xmlrpcserver\Debug\link.2108-cvtres.read.1.tlog
D:\libxmlrpc\xmlrpcserver\Debug\link.2108-cvtres.write.1.tlog
D:\libxmlrpc\xmlrpcserver\Debug\link.2108-rc.read.1.tlog
D:\libxmlrpc\xmlrpcserver\Debug\link.2108-rc.write.1.tlog
D:\libxmlrpc\xmlrpcserver\Debug\link.2108.read.1.tlog
D:\libxmlrpc\xmlrpcserver\Debug\link.2108.write.1.tlog
D:\libxmlrpc\xmlrpcserver\Debug\link.2460-cvtres.read.1.tlog
D:\libxmlrpc\xmlrpcserver\Debug\link.2460-cvtres.write.1.tlog
D:\libxmlrpc\xmlrpcserver\Debug\link.2460-rc.read.1.tlog
D:\libxmlrpc\xmlrpcserver\Debug\link.2460-rc.write.1.tlog
D:\libxmlrpc\xmlrpcserver\Debug\link.2460.read.1.tlog
D:\libxmlrpc\xmlrpcserver\Debug\link.2460.write.1.tlog
D:\libxmlrpc\xmlrpcserver\Debug\link.2544-cvtres.read.1.tlog
D:\libxmlrpc\xmlrpcserver\Debug\link.2544-cvtres.write.1.tlog
D:\libxmlrpc\xmlrpcserver\Debug\link.2544-rc.read.1.tlog
D:\libxmlrpc\xmlrpcserver\Debug\link.2544-rc.write.1.tlog
D:\libxmlrpc\xmlrpcserver\Debug\link.2544.read.1.tlog
D:\libxmlrpc\xmlrpcserver\Debug\link.2544.write.1.tlog
D:\libxmlrpc\xmlrpcserver\Debug\link.2636-cvtres.read.1.tlog
D:\libxmlrpc\xmlrpcserver\Debug\link.2636-cvtres.write.1.tlog
D:\libxmlrpc\xmlrpcserver\Debug\link.2636-rc.read.1.tlog
D:\libxmlrpc\xmlrpcserver\Debug\link.2636-rc.write.1.tlog
D:\libxmlrpc\xmlrpcserver\Debug\link.2636.read.1.tlog
D:\libxmlrpc\xmlrpcserver\Debug\link.2636.write.1.tlog
D:\libxmlrpc\xmlrpcserver\Debug\link.2740-cvtres.read.1.tlog
D:\libxmlrpc\xmlrpcserver\Debug\link.2740-cvtres.write.1.tlog
D:\libxmlrpc\xmlrpcserver\Debug\link.2740-rc.read.1.tlog
D:\libxmlrpc\xmlrpcserver\Debug\link.2740-rc.write.1.tlog
D:\libxmlrpc\xmlrpcserver\Debug\link.2740.read.1.tlog
D:\libxmlrpc\xmlrpcserver\Debug\link.2740.write.1.tlog
D:\libxmlrpc\xmlrpcserver\Debug\link.2824-cvtres.read.1.tlog
D:\libxmlrpc\xmlrpcserver\Debug\link.2824-cvtres.write.1.tlog
D:\libxmlrpc\xmlrpcserver\Debug\link.2824-rc.read.1.tlog
D:\libxmlrpc\xmlrpcserver\Debug\link.2824-rc.write.1.tlog
D:\libxmlrpc\xmlrpcserver\Debug\link.2824.read.1.tlog
D:\libxmlrpc\xmlrpcserver\Debug\link.2824.write.1.tlog
D:\libxmlrpc\xmlrpcserver\Debug\link.2952-cvtres.read.1.tlog
D:\libxmlrpc\xmlrpcserver\Debug\link.2952-cvtres.write.1.tlog
D:\libxmlrpc\xmlrpcserver\Debug\link.2952-rc.read.1.tlog
D:\libxmlrpc\xmlrpcserver\Debug\link.2952-rc.write.1.tlog
D:\libxmlrpc\xmlrpcserver\Debug\link.2952.read.1.tlog
D:\libxmlrpc\xmlrpcserver\Debug\link.2952.write.1.tlog
D:\libxmlrpc\xmlrpcserver\Debug\link.3004-cvtres.read.1.tlog
D:\libxmlrpc\xmlrpcserver\Debug\link.3004-cvtres.write.1.tlog
D:\libxmlrpc\xmlrpcserver\Debug\link.3004-rc.read.1.tlog
D:\libxmlrpc\xmlrpcserver\Debug\link.3004-rc.write.1.tlog
D:\libxmlrpc\xmlrpcserver\Debug\link.3004.read.1.tlog
D:\libxmlrpc\xmlrpcserver\Debug\link.3004.write.1.tlog
D:\libxmlrpc\xmlrpcserver\Debug\link.3092-cvtres.read.1.tlog
D:\libxmlrpc\xmlrpcserver\Debug\link.3092-cvtres.write.1.tlog
D:\libxmlrpc\xmlrpcserver\Debug\link.3092-rc.read.1.tlog
D:\libxmlrpc\xmlrpcserver\Debug\link.3092-rc.write.1.tlog
D:\libxmlrpc\xmlrpcserver\Debug\link.3092.read.1.tlog
D:\libxmlrpc\xmlrpcserver\Debug\link.3092.write.1.tlog
D:\libxmlrpc\xmlrpcserver\Debug\link.324-cvtres.read.1.tlog
D:\libxmlrpc\xmlrpcserver\Debug\link.324-cvtres.write.1.tlog
D:\libxmlrpc\xmlrpcserver\Debug\link.324-rc.read.1.tlog
D:\libxmlrpc\xmlrpcserver\Debug\link.324-rc.write.1.tlog
D:\libxmlrpc\xmlrpcserver\Debug\link.324.read.1.tlog
D:\libxmlrpc\xmlrpcserver\Debug\link.324.write.1.tlog
D:\libxmlrpc\xmlrpcserver\Debug\link.3592-cvtres.read.1.tlog
D:\libxmlrpc\xmlrpcserver\Debug\link.3592-cvtres.write.1.tlog
D:\libxmlrpc\xmlrpcserver\Debug\link.3592-rc.read.1.tlog
D:\libxmlrpc\xmlrpcserver\Debug\link.3592-rc.write.1.tlog
D:\libxmlrpc\xmlrpcserver\Debug\link.3592.read.1.tlog
D:\libxmlrpc\xmlrpcserver\Debug\link.3592.write.1.tlog
D:\libxmlrpc\xmlrpcserver\Debug\link.3604-cvtres.read.1.tlog
D:\libxmlrpc\xmlrpcserver\Debug\link.3604-cvtres.write.1.tlog
D:\libxmlrpc\xmlrpcserver\Debug\link.3604-rc.read.1.tlog
D:\libxmlrpc\xmlrpcserver\Debug\link.3604-rc.write.1.tlog
D:\libxmlrpc\xmlrpcserver\Debug\link.3604.read.1.tlog
D:\libxmlrpc\xmlrpcserver\Debug\link.3604.write.1.tlog
D:\libxmlrpc\xmlrpcserver\Debug\link.3732-cvtres.read.1.tlog
D:\libxmlrpc\xmlrpcserver\Debug\link.3732-cvtres.write.1.tlog
D:\libxmlrpc\xmlrpcserver\Debug\link.3732-rc.read.1.tlog
D:\libxmlrpc\xmlrpcserver\Debug\link.3732-rc.write.1.tlog
D:\libxmlrpc\xmlrpcserver\Debug\link.3732.read.1.tlog
D:\libxmlrpc\xmlrpcserver\Debug\link.3732.write.1.tlog
D:\libxmlrpc\xmlrpcserver\Debug\link.3828-cvtres.read.1.tlog
D:\libxmlrpc\xmlrpcserver\Debug\link.3828-cvtres.write.1.tlog
D:\libxmlrpc\xmlrpcserver\Debug\link.3828-rc.read.1.tlog
D:\libxmlrpc\xmlrpcserver\Debug\link.3828-rc.write.1.tlog
D:\libxmlrpc\xmlrpcserver\Debug\link.3828.read.1.tlog
D:\libxmlrpc\xmlrpcserver\Debug\link.3828.write.1.tlog
D:\libxmlrpc\xmlrpcserver\Debug\link.4240-cvtres.read.1.tlog
D:\libxmlrpc\xmlrpcserver\Debug\link.4240-cvtres.write.1.tlog
D:\libxmlrpc\xmlrpcserver\Debug\link.4240-rc.read.1.tlog
D:\libxmlrpc\xmlrpcserver\Debug\link.4240-rc.write.1.tlog
D:\libxmlrpc\xmlrpcserver\Debug\link.4240.read.1.tlog
D:\libxmlrpc\xmlrpcserver\Debug\link.4240.write.1.tlog
D:\libxmlrpc\xmlrpcserver\Debug\link.4272-cvtres.read.1.tlog
D:\libxmlrpc\xmlrpcserver\Debug\link.4272-cvtres.write.1.tlog
D:\libxmlrpc\xmlrpcserver\Debug\link.4272-rc.read.1.tlog
D:\libxmlrpc\xmlrpcserver\Debug\link.4272-rc.write.1.tlog
D:\libxmlrpc\xmlrpcserver\Debug\link.4272.read.1.tlog
D:\libxmlrpc\xmlrpcserver\Debug\link.4272.write.1.tlog
D:\libxmlrpc\xmlrpcserver\Debug\link.4356-cvtres.read.1.tlog
D:\libxmlrpc\xmlrpcserver\Debug\link.4356-cvtres.write.1.tlog
D:\libxmlrpc\xmlrpcserver\Debug\link.4356-rc.read.1.tlog
D:\libxmlrpc\xmlrpcserver\Debug\link.4356-rc.write.1.tlog
D:\libxmlrpc\xmlrpcserver\Debug\link.4356.read.1.tlog
D:\libxmlrpc\xmlrpcserver\Debug\link.4356.write.1.tlog
D:\libxmlrpc\xmlrpcserver\Debug\link.4392-cvtres.read.1.tlog
D:\libxmlrpc\xmlrpcserver\Debug\link.4392-cvtres.write.1.tlog
D:\libxmlrpc\xmlrpcserver\Debug\link.4392-rc.read.1.tlog
D:\libxmlrpc\xmlrpcserver\Debug\link.4392-rc.write.1.tlog
D:\libxmlrpc\xmlrpcserver\Debug\link.4392.read.1.tlog
D:\libxmlrpc\xmlrpcserver\Debug\link.4392.write.1.tlog
D:\libxmlrpc\xmlrpcserver\Debug\link.4552-cvtres.read.1.tlog
D:\libxmlrpc\xmlrpcserver\Debug\link.4552-cvtres.write.1.tlog
D:\libxmlrpc\xmlrpcserver\Debug\link.4552-rc.read.1.tlog
D:\libxmlrpc\xmlrpcserver\Debug\link.4552-rc.write.1.tlog
D:\libxmlrpc\xmlrpcserver\Debug\link.4552.read.1.tlog
D:\libxmlrpc\xmlrpcserver\Debug\link.4552.write.1.tlog
D:\libxmlrpc\xmlrpcserver\Debug\link.4580-cvtres.read.1.tlog
D:\libxmlrpc\xmlrpcserver\Debug\link.4580-cvtres.write.1.tlog
D:\libxmlrpc\xmlrpcserver\Debug\link.4580-rc.read.1.tlog
D:\libxmlrpc\xmlrpcserver\Debug\link.4580-rc.write.1.tlog
D:\libxmlrpc\xmlrpcserver\Debug\link.4580.read.1.tlog
D:\libxmlrpc\xmlrpcserver\Debug\link.4580.write.1.tlog
D:\libxmlrpc\xmlrpcserver\Debug\link.4592-cvtres.read.1.tlog
D:\libxmlrpc\xmlrpcserver\Debug\link.4592-cvtres.write.1.tlog
D:\libxmlrpc\xmlrpcserver\Debug\link.4592-rc.read.1.tlog
D:\libxmlrpc\xmlrpcserver\Debug\link.4592-rc.write.1.tlog
D:\libxmlrpc\xmlrpcserver\Debug\link.4592.read.1.tlog
D:\libxmlrpc\xmlrpcserver\Debug\link.4592.write.1.tlog
D:\libxmlrpc\xmlrpcserver\Debug\link.5248-cvtres.read.1.tlog
D:\libxmlrpc\xmlrpcserver\Debug\link.5248-cvtres.write.1.tlog
D:\libxmlrpc\xmlrpcserver\Debug\link.5248-rc.read.1.tlog
D:\libxmlrpc\xmlrpcserver\Debug\link.5248-rc.write.1.tlog
D:\libxmlrpc\xmlrpcserver\Debug\link.5248.read.1.tlog
D:\libxmlrpc\xmlrpcserver\Debug\link.5248.write.1.tlog
D:\libxmlrpc\xmlrpcserver\Debug\link.5256-cvtres.read.1.tlog
D:\libxmlrpc\xmlrpcserver\Debug\link.5256-cvtres.write.1.tlog
D:\libxmlrpc\xmlrpcserver\Debug\link.5256-rc.read.1.tlog
D:\libxmlrpc\xmlrpcserver\Debug\link.5256-rc.write.1.tlog
D:\libxmlrpc\xmlrpcserver\Debug\link.5256.read.1.tlog
D:\libxmlrpc\xmlrpcserver\Debug\link.5256.write.1.tlog
D:\libxmlrpc\xmlrpcserver\Debug\link.5484-cvtres.read.1.tlog
D:\libxmlrpc\xmlrpcserver\Debug\link.5484-cvtres.write.1.tlog
D:\libxmlrpc\xmlrpcserver\Debug\link.5484-rc.read.1.tlog
D:\libxmlrpc\xmlrpcserver\Debug\link.5484-rc.write.1.tlog
D:\libxmlrpc\xmlrpcserver\Debug\link.5484.read.1.tlog
D:\libxmlrpc\xmlrpcserver\Debug\link.5484.write.1.tlog
D:\libxmlrpc\xmlrpcserver\Debug\link.5496-cvtres.read.1.tlog
D:\libxmlrpc\xmlrpcserver\Debug\link.5496-cvtres.write.1.tlog
D:\libxmlrpc\xmlrpcserver\Debug\link.5496-rc.read.1.tlog
D:\libxmlrpc\xmlrpcserver\Debug\link.5496-rc.write.1.tlog
D:\libxmlrpc\xmlrpcserver\Debug\link.5496.read.1.tlog
D:\libxmlrpc\xmlrpcserver\Debug\link.5496.write.1.tlog
D:\libxmlrpc\xmlrpcserver\Debug\link.5516-cvtres.read.1.tlog
D:\libxmlrpc\xmlrpcserver\Debug\link.5516-cvtres.write.1.tlog
D:\libxmlrpc\xmlrpcserver\Debug\link.5516-rc.read.1.tlog
D:\libxmlrpc\xmlrpcserver\Debug\link.5516-rc.write.1.tlog
D:\libxmlrpc\xmlrpcserver\Debug\link.5516.read.1.tlog
D:\libxmlrpc\xmlrpcserver\Debug\link.5516.write.1.tlog
D:\libxmlrpc\xmlrpcserver\Debug\link.5544-cvtres.read.1.tlog
D:\libxmlrpc\xmlrpcserver\Debug\link.5544-cvtres.write.1.tlog
D:\libxmlrpc\xmlrpcserver\Debug\link.5544-rc.read.1.tlog
D:\libxmlrpc\xmlrpcserver\Debug\link.5544-rc.write.1.tlog
D:\libxmlrpc\xmlrpcserver\Debug\link.5544.read.1.tlog
D:\libxmlrpc\xmlrpcserver\Debug\link.5544.write.1.tlog
D:\libxmlrpc\xmlrpcserver\Debug\link.5648-cvtres.read.1.tlog
D:\libxmlrpc\xmlrpcserver\Debug\link.5648-cvtres.write.1.tlog
D:\libxmlrpc\xmlrpcserver\Debug\link.5648-rc.read.1.tlog
D:\libxmlrpc\xmlrpcserver\Debug\link.5648-rc.write.1.tlog
D:\libxmlrpc\xmlrpcserver\Debug\link.5648.read.1.tlog
D:\libxmlrpc\xmlrpcserver\Debug\link.5648.write.1.tlog
D:\libxmlrpc\xmlrpcserver\Debug\link.5680-cvtres.read.1.tlog
D:\libxmlrpc\xmlrpcserver\Debug\link.5680-cvtres.write.1.tlog
D:\libxmlrpc\xmlrpcserver\Debug\link.5680-rc.read.1.tlog
D:\libxmlrpc\xmlrpcserver\Debug\link.5680-rc.write.1.tlog
D:\libxmlrpc\xmlrpcserver\Debug\link.5680.read.1.tlog
D:\libxmlrpc\xmlrpcserver\Debug\link.5680.write.1.tlog
D:\libxmlrpc\xmlrpcserver\Debug\link.5728-cvtres.read.1.tlog
D:\libxmlrpc\xmlrpcserver\Debug\link.5728-cvtres.write.1.tlog
D:\libxmlrpc\xmlrpcserver\Debug\link.5728-rc.read.1.tlog
D:\libxmlrpc\xmlrpcserver\Debug\link.5728-rc.write.1.tlog
D:\libxmlrpc\xmlrpcserver\Debug\link.5728.read.1.tlog
D:\libxmlrpc\xmlrpcserver\Debug\link.5728.write.1.tlog
D:\libxmlrpc\xmlrpcserver\Debug\link.5828-cvtres.read.1.tlog
D:\libxmlrpc\xmlrpcserver\Debug\link.5828-cvtres.write.1.tlog
D:\libxmlrpc\xmlrpcserver\Debug\link.5828-rc.read.1.tlog
D:\libxmlrpc\xmlrpcserver\Debug\link.5828-rc.write.1.tlog
D:\libxmlrpc\xmlrpcserver\Debug\link.5828.read.1.tlog
D:\libxmlrpc\xmlrpcserver\Debug\link.5828.write.1.tlog
D:\libxmlrpc\xmlrpcserver\Debug\link.5872-cvtres.read.1.tlog
D:\libxmlrpc\xmlrpcserver\Debug\link.5872-cvtres.write.1.tlog
D:\libxmlrpc\xmlrpcserver\Debug\link.5872-rc.read.1.tlog
D:\libxmlrpc\xmlrpcserver\Debug\link.5872-rc.write.1.tlog
D:\libxmlrpc\xmlrpcserver\Debug\link.5872.read.1.tlog
D:\libxmlrpc\xmlrpcserver\Debug\link.5872.write.1.tlog
D:\libxmlrpc\xmlrpcserver\Debug\link.5964-cvtres.read.1.tlog
D:\libxmlrpc\xmlrpcserver\Debug\link.5964-cvtres.write.1.tlog
D:\libxmlrpc\xmlrpcserver\Debug\link.5964-rc.read.1.tlog
D:\libxmlrpc\xmlrpcserver\Debug\link.5964-rc.write.1.tlog
D:\libxmlrpc\xmlrpcserver\Debug\link.5964.read.1.tlog
D:\libxmlrpc\xmlrpcserver\Debug\link.5964.write.1.tlog
D:\libxmlrpc\xmlrpcserver\Debug\link.6536-cvtres.read.1.tlog
D:\libxmlrpc\xmlrpcserver\Debug\link.6536-cvtres.write.1.tlog
D:\libxmlrpc\xmlrpcserver\Debug\link.6536-rc.read.1.tlog
D:\libxmlrpc\xmlrpcserver\Debug\link.6536-rc.write.1.tlog
D:\libxmlrpc\xmlrpcserver\Debug\link.6536.read.1.tlog
D:\libxmlrpc\xmlrpcserver\Debug\link.6536.write.1.tlog
D:\libxmlrpc\xmlrpcserver\Debug\link.6588-cvtres.read.1.tlog
D:\libxmlrpc\xmlrpcserver\Debug\link.6588-cvtres.write.1.tlog
D:\libxmlrpc\xmlrpcserver\Debug\link.6588-rc.read.1.tlog
D:\libxmlrpc\xmlrpcserver\Debug\link.6588-rc.write.1.tlog
D:\libxmlrpc\xmlrpcserver\Debug\link.6588.read.1.tlog
D:\libxmlrpc\xmlrpcserver\Debug\link.6588.write.1.tlog
D:\libxmlrpc\xmlrpcserver\Debug\link.712-cvtres.read.1.tlog
D:\libxmlrpc\xmlrpcserver\Debug\link.712-cvtres.write.1.tlog
D:\libxmlrpc\xmlrpcserver\Debug\link.712-rc.read.1.tlog
D:\libxmlrpc\xmlrpcserver\Debug\link.712-rc.write.1.tlog
D:\libxmlrpc\xmlrpcserver\Debug\link.712.read.1.tlog
D:\libxmlrpc\xmlrpcserver\Debug\link.712.write.1.tlog
D:\libxmlrpc\xmlrpcserver\Debug\link.7160-cvtres.read.1.tlog
D:\libxmlrpc\xmlrpcserver\Debug\link.7160-cvtres.write.1.tlog
D:\libxmlrpc\xmlrpcserver\Debug\link.7160-rc.read.1.tlog
D:\libxmlrpc\xmlrpcserver\Debug\link.7160-rc.write.1.tlog
D:\libxmlrpc\xmlrpcserver\Debug\link.7160.read.1.tlog
D:\libxmlrpc\xmlrpcserver\Debug\link.7160.write.1.tlog
D:\libxmlrpc\xmlrpcserver\Debug\link.904-cvtres.read.1.tlog
D:\libxmlrpc\xmlrpcserver\Debug\link.904-cvtres.write.1.tlog
D:\libxmlrpc\xmlrpcserver\Debug\link.904-rc.read.1.tlog
D:\libxmlrpc\xmlrpcserver\Debug\link.904-rc.write.1.tlog
D:\libxmlrpc\xmlrpcserver\Debug\link.904.read.1.tlog
D:\libxmlrpc\xmlrpcserver\Debug\link.904.write.1.tlog
D:\libxmlrpc\xmlrpcserver\Debug\link.command.1.tlog
D:\libxmlrpc\xmlrpcserver\Debug\link.read.1.tlog
D:\libxmlrpc\xmlrpcserver\Debug\link.write.1.tlog
D:\libxmlrpc\xmlrpcserver\Debug\vc110.idb
D:\libxmlrpc\xmlrpcserver\Debug\vc110.pdb
D:\libxmlrpc\Debug\xmlrpcserver.pdb
D:\libxmlrpc\Debug\xmlrpcserver.exe
D:\libxmlrpc\Debug\xmlrpcserver.ilk
