D:\VIDEOSURVEILLANCE\LIBXMLRPC\XERCES\DEBUG\XMLPARSER.OBJ
D:\VIDEOSURVEILLANCE\LIBXMLRPC\XERCES\DEBUG\VC110.PDB
D:\VIDEOSURVEILLANCE\LIBXMLRPC\DEBUG\XERCES.ILK
D:\VIDEOSURVEILLANCE\LIBXMLRPC\DEBUG\XERCES.EXE
D:\VIDEOSURVEILLANCE\LIBXMLRPC\DEBUG\XERCES.PDB
D:\libxmlrpc\xerces\Debug\xmlparser.obj
D:\libxmlrpc\xerces\Debug\cl.command.1.tlog
D:\libxmlrpc\xerces\Debug\CL.read.1.tlog
D:\libxmlrpc\xerces\Debug\CL.write.1.tlog
D:\libxmlrpc\xerces\Debug\link-cvtres.read.1.tlog
D:\libxmlrpc\xerces\Debug\link-cvtres.write.1.tlog
D:\libxmlrpc\xerces\Debug\link-rc.read.1.tlog
D:\libxmlrpc\xerces\Debug\link-rc.write.1.tlog
D:\libxmlrpc\xerces\Debug\link.command.1.tlog
D:\libxmlrpc\xerces\Debug\link.read.1.tlog
D:\libxmlrpc\xerces\Debug\link.write.1.tlog
D:\libxmlrpc\xerces\Debug\vc110.idb
D:\libxmlrpc\xerces\Debug\vc110.pdb
D:\libxmlrpc\Debug\xerces.pdb
D:\libxmlrpc\Debug\xerces.exe
D:\libxmlrpc\Debug\xerces.ilk
