D:\VIDEOSURVEILLANCE\LIBXMLRPC\XMLRPCCLIENT\DEBUG\XMLRPCCLIENT.OBJ
D:\VIDEOSURVEILLANCE\LIBXMLRPC\XMLRPCCLIENT\DEBUG\VC110.PDB
D:\VIDEOSURVEILLANCE\LIBXMLRPC\DEBUG\XMLRPCCLIENT.ILK
D:\VIDEOSURVEILLANCE\LIBXMLRPC\DEBUG\XMLRPCCLIENT.EXE
D:\VIDEOSURVEILLANCE\LIBXMLRPC\DEBUG\XMLRPCCLIENT.PDB
D:\libxmlrpc\xmlrpcclient\Debug\xmlrpcclient.obj
D:\libxmlrpc\xmlrpcclient\Debug\cl.command.1.tlog
D:\libxmlrpc\xmlrpcclient\Debug\CL.read.1.tlog
D:\libxmlrpc\xmlrpcclient\Debug\CL.write.1.tlog
D:\libxmlrpc\xmlrpcclient\Debug\link-cvtres.read.1.tlog
D:\libxmlrpc\xmlrpcclient\Debug\link-cvtres.write.1.tlog
D:\libxmlrpc\xmlrpcclient\Debug\link-rc.read.1.tlog
D:\libxmlrpc\xmlrpcclient\Debug\link-rc.write.1.tlog
D:\libxmlrpc\xmlrpcclient\Debug\link.1420-cvtres.read.1.tlog
D:\libxmlrpc\xmlrpcclient\Debug\link.1420-cvtres.write.1.tlog
D:\libxmlrpc\xmlrpcclient\Debug\link.1420-rc.read.1.tlog
D:\libxmlrpc\xmlrpcclient\Debug\link.1420-rc.write.1.tlog
D:\libxmlrpc\xmlrpcclient\Debug\link.1420.read.1.tlog
D:\libxmlrpc\xmlrpcclient\Debug\link.1420.write.1.tlog
D:\libxmlrpc\xmlrpcclient\Debug\link.1464-cvtres.read.1.tlog
D:\libxmlrpc\xmlrpcclient\Debug\link.1464-cvtres.write.1.tlog
D:\libxmlrpc\xmlrpcclient\Debug\link.1464-rc.read.1.tlog
D:\libxmlrpc\xmlrpcclient\Debug\link.1464-rc.write.1.tlog
D:\libxmlrpc\xmlrpcclient\Debug\link.1464.read.1.tlog
D:\libxmlrpc\xmlrpcclient\Debug\link.1464.write.1.tlog
D:\libxmlrpc\xmlrpcclient\Debug\link.1576-cvtres.read.1.tlog
D:\libxmlrpc\xmlrpcclient\Debug\link.1576-cvtres.write.1.tlog
D:\libxmlrpc\xmlrpcclient\Debug\link.1576-rc.read.1.tlog
D:\libxmlrpc\xmlrpcclient\Debug\link.1576-rc.write.1.tlog
D:\libxmlrpc\xmlrpcclient\Debug\link.1576.read.1.tlog
D:\libxmlrpc\xmlrpcclient\Debug\link.1576.write.1.tlog
D:\libxmlrpc\xmlrpcclient\Debug\link.1744-cvtres.read.1.tlog
D:\libxmlrpc\xmlrpcclient\Debug\link.1744-cvtres.write.1.tlog
D:\libxmlrpc\xmlrpcclient\Debug\link.1744-rc.read.1.tlog
D:\libxmlrpc\xmlrpcclient\Debug\link.1744-rc.write.1.tlog
D:\libxmlrpc\xmlrpcclient\Debug\link.1744.read.1.tlog
D:\libxmlrpc\xmlrpcclient\Debug\link.1744.write.1.tlog
D:\libxmlrpc\xmlrpcclient\Debug\link.1956-cvtres.read.1.tlog
D:\libxmlrpc\xmlrpcclient\Debug\link.1956-cvtres.write.1.tlog
D:\libxmlrpc\xmlrpcclient\Debug\link.1956-rc.read.1.tlog
D:\libxmlrpc\xmlrpcclient\Debug\link.1956-rc.write.1.tlog
D:\libxmlrpc\xmlrpcclient\Debug\link.1956.read.1.tlog
D:\libxmlrpc\xmlrpcclient\Debug\link.1956.write.1.tlog
D:\libxmlrpc\xmlrpcclient\Debug\link.2072-cvtres.read.1.tlog
D:\libxmlrpc\xmlrpcclient\Debug\link.2072-cvtres.write.1.tlog
D:\libxmlrpc\xmlrpcclient\Debug\link.2072-rc.read.1.tlog
D:\libxmlrpc\xmlrpcclient\Debug\link.2072-rc.write.1.tlog
D:\libxmlrpc\xmlrpcclient\Debug\link.2072.read.1.tlog
D:\libxmlrpc\xmlrpcclient\Debug\link.2072.write.1.tlog
D:\libxmlrpc\xmlrpcclient\Debug\link.216-cvtres.read.1.tlog
D:\libxmlrpc\xmlrpcclient\Debug\link.216-cvtres.write.1.tlog
D:\libxmlrpc\xmlrpcclient\Debug\link.216-rc.read.1.tlog
D:\libxmlrpc\xmlrpcclient\Debug\link.216-rc.write.1.tlog
D:\libxmlrpc\xmlrpcclient\Debug\link.216.read.1.tlog
D:\libxmlrpc\xmlrpcclient\Debug\link.216.write.1.tlog
D:\libxmlrpc\xmlrpcclient\Debug\link.2312-cvtres.read.1.tlog
D:\libxmlrpc\xmlrpcclient\Debug\link.2312-cvtres.write.1.tlog
D:\libxmlrpc\xmlrpcclient\Debug\link.2312-rc.read.1.tlog
D:\libxmlrpc\xmlrpcclient\Debug\link.2312-rc.write.1.tlog
D:\libxmlrpc\xmlrpcclient\Debug\link.2312.read.1.tlog
D:\libxmlrpc\xmlrpcclient\Debug\link.2312.write.1.tlog
D:\libxmlrpc\xmlrpcclient\Debug\link.2320-cvtres.read.1.tlog
D:\libxmlrpc\xmlrpcclient\Debug\link.2320-cvtres.write.1.tlog
D:\libxmlrpc\xmlrpcclient\Debug\link.2320-rc.read.1.tlog
D:\libxmlrpc\xmlrpcclient\Debug\link.2320-rc.write.1.tlog
D:\libxmlrpc\xmlrpcclient\Debug\link.2320.read.1.tlog
D:\libxmlrpc\xmlrpcclient\Debug\link.2320.write.1.tlog
D:\libxmlrpc\xmlrpcclient\Debug\link.2348-cvtres.read.1.tlog
D:\libxmlrpc\xmlrpcclient\Debug\link.2348-cvtres.write.1.tlog
D:\libxmlrpc\xmlrpcclient\Debug\link.2348-rc.read.1.tlog
D:\libxmlrpc\xmlrpcclient\Debug\link.2348-rc.write.1.tlog
D:\libxmlrpc\xmlrpcclient\Debug\link.2348.read.1.tlog
D:\libxmlrpc\xmlrpcclient\Debug\link.2348.write.1.tlog
D:\libxmlrpc\xmlrpcclient\Debug\link.2572-cvtres.read.1.tlog
D:\libxmlrpc\xmlrpcclient\Debug\link.2572-cvtres.write.1.tlog
D:\libxmlrpc\xmlrpcclient\Debug\link.2572-rc.read.1.tlog
D:\libxmlrpc\xmlrpcclient\Debug\link.2572-rc.write.1.tlog
D:\libxmlrpc\xmlrpcclient\Debug\link.2572.read.1.tlog
D:\libxmlrpc\xmlrpcclient\Debug\link.2572.write.1.tlog
D:\libxmlrpc\xmlrpcclient\Debug\link.2936-cvtres.read.1.tlog
D:\libxmlrpc\xmlrpcclient\Debug\link.2936-cvtres.write.1.tlog
D:\libxmlrpc\xmlrpcclient\Debug\link.2936-rc.read.1.tlog
D:\libxmlrpc\xmlrpcclient\Debug\link.2936-rc.write.1.tlog
D:\libxmlrpc\xmlrpcclient\Debug\link.2936.read.1.tlog
D:\libxmlrpc\xmlrpcclient\Debug\link.2936.write.1.tlog
D:\libxmlrpc\xmlrpcclient\Debug\link.3244-cvtres.read.1.tlog
D:\libxmlrpc\xmlrpcclient\Debug\link.3244-cvtres.write.1.tlog
D:\libxmlrpc\xmlrpcclient\Debug\link.3244-rc.read.1.tlog
D:\libxmlrpc\xmlrpcclient\Debug\link.3244-rc.write.1.tlog
D:\libxmlrpc\xmlrpcclient\Debug\link.3244.read.1.tlog
D:\libxmlrpc\xmlrpcclient\Debug\link.3244.write.1.tlog
D:\libxmlrpc\xmlrpcclient\Debug\link.3304-cvtres.read.1.tlog
D:\libxmlrpc\xmlrpcclient\Debug\link.3304-cvtres.write.1.tlog
D:\libxmlrpc\xmlrpcclient\Debug\link.3304-rc.read.1.tlog
D:\libxmlrpc\xmlrpcclient\Debug\link.3304-rc.write.1.tlog
D:\libxmlrpc\xmlrpcclient\Debug\link.3304.read.1.tlog
D:\libxmlrpc\xmlrpcclient\Debug\link.3304.write.1.tlog
D:\libxmlrpc\xmlrpcclient\Debug\link.3420-cvtres.read.1.tlog
D:\libxmlrpc\xmlrpcclient\Debug\link.3420-cvtres.write.1.tlog
D:\libxmlrpc\xmlrpcclient\Debug\link.3420-rc.read.1.tlog
D:\libxmlrpc\xmlrpcclient\Debug\link.3420-rc.write.1.tlog
D:\libxmlrpc\xmlrpcclient\Debug\link.3420.read.1.tlog
D:\libxmlrpc\xmlrpcclient\Debug\link.3420.write.1.tlog
D:\libxmlrpc\xmlrpcclient\Debug\link.3568-cvtres.read.1.tlog
D:\libxmlrpc\xmlrpcclient\Debug\link.3568-cvtres.write.1.tlog
D:\libxmlrpc\xmlrpcclient\Debug\link.3568-rc.read.1.tlog
D:\libxmlrpc\xmlrpcclient\Debug\link.3568-rc.write.1.tlog
D:\libxmlrpc\xmlrpcclient\Debug\link.3568.read.1.tlog
D:\libxmlrpc\xmlrpcclient\Debug\link.3568.write.1.tlog
D:\libxmlrpc\xmlrpcclient\Debug\link.3596-cvtres.read.1.tlog
D:\libxmlrpc\xmlrpcclient\Debug\link.3596-cvtres.write.1.tlog
D:\libxmlrpc\xmlrpcclient\Debug\link.3596-rc.read.1.tlog
D:\libxmlrpc\xmlrpcclient\Debug\link.3596-rc.write.1.tlog
D:\libxmlrpc\xmlrpcclient\Debug\link.3596.read.1.tlog
D:\libxmlrpc\xmlrpcclient\Debug\link.3596.write.1.tlog
D:\libxmlrpc\xmlrpcclient\Debug\link.3664-cvtres.read.1.tlog
D:\libxmlrpc\xmlrpcclient\Debug\link.3664-cvtres.write.1.tlog
D:\libxmlrpc\xmlrpcclient\Debug\link.3664-rc.read.1.tlog
D:\libxmlrpc\xmlrpcclient\Debug\link.3664-rc.write.1.tlog
D:\libxmlrpc\xmlrpcclient\Debug\link.3664.read.1.tlog
D:\libxmlrpc\xmlrpcclient\Debug\link.3664.write.1.tlog
D:\libxmlrpc\xmlrpcclient\Debug\link.3668-cvtres.read.1.tlog
D:\libxmlrpc\xmlrpcclient\Debug\link.3668-cvtres.write.1.tlog
D:\libxmlrpc\xmlrpcclient\Debug\link.3668-rc.read.1.tlog
D:\libxmlrpc\xmlrpcclient\Debug\link.3668-rc.write.1.tlog
D:\libxmlrpc\xmlrpcclient\Debug\link.3668.read.1.tlog
D:\libxmlrpc\xmlrpcclient\Debug\link.3668.write.1.tlog
D:\libxmlrpc\xmlrpcclient\Debug\link.3748-cvtres.read.1.tlog
D:\libxmlrpc\xmlrpcclient\Debug\link.3748-cvtres.write.1.tlog
D:\libxmlrpc\xmlrpcclient\Debug\link.3748-rc.read.1.tlog
D:\libxmlrpc\xmlrpcclient\Debug\link.3748-rc.write.1.tlog
D:\libxmlrpc\xmlrpcclient\Debug\link.3748.read.1.tlog
D:\libxmlrpc\xmlrpcclient\Debug\link.3748.write.1.tlog
D:\libxmlrpc\xmlrpcclient\Debug\link.3960-cvtres.read.1.tlog
D:\libxmlrpc\xmlrpcclient\Debug\link.3960-cvtres.write.1.tlog
D:\libxmlrpc\xmlrpcclient\Debug\link.3960-rc.read.1.tlog
D:\libxmlrpc\xmlrpcclient\Debug\link.3960-rc.write.1.tlog
D:\libxmlrpc\xmlrpcclient\Debug\link.3960.read.1.tlog
D:\libxmlrpc\xmlrpcclient\Debug\link.3960.write.1.tlog
D:\libxmlrpc\xmlrpcclient\Debug\link.4132-cvtres.read.1.tlog
D:\libxmlrpc\xmlrpcclient\Debug\link.4132-cvtres.write.1.tlog
D:\libxmlrpc\xmlrpcclient\Debug\link.4132-rc.read.1.tlog
D:\libxmlrpc\xmlrpcclient\Debug\link.4132-rc.write.1.tlog
D:\libxmlrpc\xmlrpcclient\Debug\link.4132.read.1.tlog
D:\libxmlrpc\xmlrpcclient\Debug\link.4132.write.1.tlog
D:\libxmlrpc\xmlrpcclient\Debug\link.4252-cvtres.read.1.tlog
D:\libxmlrpc\xmlrpcclient\Debug\link.4252-cvtres.write.1.tlog
D:\libxmlrpc\xmlrpcclient\Debug\link.4252-rc.read.1.tlog
D:\libxmlrpc\xmlrpcclient\Debug\link.4252-rc.write.1.tlog
D:\libxmlrpc\xmlrpcclient\Debug\link.4252.read.1.tlog
D:\libxmlrpc\xmlrpcclient\Debug\link.4252.write.1.tlog
D:\libxmlrpc\xmlrpcclient\Debug\link.4380-cvtres.read.1.tlog
D:\libxmlrpc\xmlrpcclient\Debug\link.4380-cvtres.write.1.tlog
D:\libxmlrpc\xmlrpcclient\Debug\link.4380-rc.read.1.tlog
D:\libxmlrpc\xmlrpcclient\Debug\link.4380-rc.write.1.tlog
D:\libxmlrpc\xmlrpcclient\Debug\link.4380.read.1.tlog
D:\libxmlrpc\xmlrpcclient\Debug\link.4380.write.1.tlog
D:\libxmlrpc\xmlrpcclient\Debug\link.4664-cvtres.read.1.tlog
D:\libxmlrpc\xmlrpcclient\Debug\link.4664-cvtres.write.1.tlog
D:\libxmlrpc\xmlrpcclient\Debug\link.4664-rc.read.1.tlog
D:\libxmlrpc\xmlrpcclient\Debug\link.4664-rc.write.1.tlog
D:\libxmlrpc\xmlrpcclient\Debug\link.4664.read.1.tlog
D:\libxmlrpc\xmlrpcclient\Debug\link.4664.write.1.tlog
D:\libxmlrpc\xmlrpcclient\Debug\link.4764-cvtres.read.1.tlog
D:\libxmlrpc\xmlrpcclient\Debug\link.4764-cvtres.write.1.tlog
D:\libxmlrpc\xmlrpcclient\Debug\link.4764-rc.read.1.tlog
D:\libxmlrpc\xmlrpcclient\Debug\link.4764-rc.write.1.tlog
D:\libxmlrpc\xmlrpcclient\Debug\link.4764.read.1.tlog
D:\libxmlrpc\xmlrpcclient\Debug\link.4764.write.1.tlog
D:\libxmlrpc\xmlrpcclient\Debug\link.5012-cvtres.read.1.tlog
D:\libxmlrpc\xmlrpcclient\Debug\link.5012-cvtres.write.1.tlog
D:\libxmlrpc\xmlrpcclient\Debug\link.5012-rc.read.1.tlog
D:\libxmlrpc\xmlrpcclient\Debug\link.5012-rc.write.1.tlog
D:\libxmlrpc\xmlrpcclient\Debug\link.5012.read.1.tlog
D:\libxmlrpc\xmlrpcclient\Debug\link.5012.write.1.tlog
D:\libxmlrpc\xmlrpcclient\Debug\link.512-cvtres.read.1.tlog
D:\libxmlrpc\xmlrpcclient\Debug\link.512-cvtres.write.1.tlog
D:\libxmlrpc\xmlrpcclient\Debug\link.512-rc.read.1.tlog
D:\libxmlrpc\xmlrpcclient\Debug\link.512-rc.write.1.tlog
D:\libxmlrpc\xmlrpcclient\Debug\link.512.read.1.tlog
D:\libxmlrpc\xmlrpcclient\Debug\link.512.write.1.tlog
D:\libxmlrpc\xmlrpcclient\Debug\link.5156-cvtres.read.1.tlog
D:\libxmlrpc\xmlrpcclient\Debug\link.5156-cvtres.write.1.tlog
D:\libxmlrpc\xmlrpcclient\Debug\link.5156-rc.read.1.tlog
D:\libxmlrpc\xmlrpcclient\Debug\link.5156-rc.write.1.tlog
D:\libxmlrpc\xmlrpcclient\Debug\link.5156.read.1.tlog
D:\libxmlrpc\xmlrpcclient\Debug\link.5156.write.1.tlog
D:\libxmlrpc\xmlrpcclient\Debug\link.5184-cvtres.read.1.tlog
D:\libxmlrpc\xmlrpcclient\Debug\link.5184-cvtres.write.1.tlog
D:\libxmlrpc\xmlrpcclient\Debug\link.5184-rc.read.1.tlog
D:\libxmlrpc\xmlrpcclient\Debug\link.5184-rc.write.1.tlog
D:\libxmlrpc\xmlrpcclient\Debug\link.5184.read.1.tlog
D:\libxmlrpc\xmlrpcclient\Debug\link.5184.write.1.tlog
D:\libxmlrpc\xmlrpcclient\Debug\link.5368-cvtres.read.1.tlog
D:\libxmlrpc\xmlrpcclient\Debug\link.5368-cvtres.write.1.tlog
D:\libxmlrpc\xmlrpcclient\Debug\link.5368-rc.read.1.tlog
D:\libxmlrpc\xmlrpcclient\Debug\link.5368-rc.write.1.tlog
D:\libxmlrpc\xmlrpcclient\Debug\link.5368.read.1.tlog
D:\libxmlrpc\xmlrpcclient\Debug\link.5368.write.1.tlog
D:\libxmlrpc\xmlrpcclient\Debug\link.5636-cvtres.read.1.tlog
D:\libxmlrpc\xmlrpcclient\Debug\link.5636-cvtres.write.1.tlog
D:\libxmlrpc\xmlrpcclient\Debug\link.5636-rc.read.1.tlog
D:\libxmlrpc\xmlrpcclient\Debug\link.5636-rc.write.1.tlog
D:\libxmlrpc\xmlrpcclient\Debug\link.5636.read.1.tlog
D:\libxmlrpc\xmlrpcclient\Debug\link.5636.write.1.tlog
D:\libxmlrpc\xmlrpcclient\Debug\link.5660-cvtres.read.1.tlog
D:\libxmlrpc\xmlrpcclient\Debug\link.5660-cvtres.write.1.tlog
D:\libxmlrpc\xmlrpcclient\Debug\link.5660-rc.read.1.tlog
D:\libxmlrpc\xmlrpcclient\Debug\link.5660-rc.write.1.tlog
D:\libxmlrpc\xmlrpcclient\Debug\link.5660.read.1.tlog
D:\libxmlrpc\xmlrpcclient\Debug\link.5660.write.1.tlog
D:\libxmlrpc\xmlrpcclient\Debug\link.5708-cvtres.read.1.tlog
D:\libxmlrpc\xmlrpcclient\Debug\link.5708-cvtres.write.1.tlog
D:\libxmlrpc\xmlrpcclient\Debug\link.5708-rc.read.1.tlog
D:\libxmlrpc\xmlrpcclient\Debug\link.5708-rc.write.1.tlog
D:\libxmlrpc\xmlrpcclient\Debug\link.5708.read.1.tlog
D:\libxmlrpc\xmlrpcclient\Debug\link.5708.write.1.tlog
D:\libxmlrpc\xmlrpcclient\Debug\link.5760-cvtres.read.1.tlog
D:\libxmlrpc\xmlrpcclient\Debug\link.5760-cvtres.write.1.tlog
D:\libxmlrpc\xmlrpcclient\Debug\link.5760-rc.read.1.tlog
D:\libxmlrpc\xmlrpcclient\Debug\link.5760-rc.write.1.tlog
D:\libxmlrpc\xmlrpcclient\Debug\link.5760.read.1.tlog
D:\libxmlrpc\xmlrpcclient\Debug\link.5760.write.1.tlog
D:\libxmlrpc\xmlrpcclient\Debug\link.5792-cvtres.read.1.tlog
D:\libxmlrpc\xmlrpcclient\Debug\link.5792-cvtres.write.1.tlog
D:\libxmlrpc\xmlrpcclient\Debug\link.5792-rc.read.1.tlog
D:\libxmlrpc\xmlrpcclient\Debug\link.5792-rc.write.1.tlog
D:\libxmlrpc\xmlrpcclient\Debug\link.5792.read.1.tlog
D:\libxmlrpc\xmlrpcclient\Debug\link.5792.write.1.tlog
D:\libxmlrpc\xmlrpcclient\Debug\link.5864-cvtres.read.1.tlog
D:\libxmlrpc\xmlrpcclient\Debug\link.5864-cvtres.write.1.tlog
D:\libxmlrpc\xmlrpcclient\Debug\link.5864-rc.read.1.tlog
D:\libxmlrpc\xmlrpcclient\Debug\link.5864-rc.write.1.tlog
D:\libxmlrpc\xmlrpcclient\Debug\link.5864.read.1.tlog
D:\libxmlrpc\xmlrpcclient\Debug\link.5864.write.1.tlog
D:\libxmlrpc\xmlrpcclient\Debug\link.5904-cvtres.read.1.tlog
D:\libxmlrpc\xmlrpcclient\Debug\link.5904-cvtres.write.1.tlog
D:\libxmlrpc\xmlrpcclient\Debug\link.5904-rc.read.1.tlog
D:\libxmlrpc\xmlrpcclient\Debug\link.5904-rc.write.1.tlog
D:\libxmlrpc\xmlrpcclient\Debug\link.5904.read.1.tlog
D:\libxmlrpc\xmlrpcclient\Debug\link.5904.write.1.tlog
D:\libxmlrpc\xmlrpcclient\Debug\link.5948-cvtres.read.1.tlog
D:\libxmlrpc\xmlrpcclient\Debug\link.5948-cvtres.write.1.tlog
D:\libxmlrpc\xmlrpcclient\Debug\link.5948-rc.read.1.tlog
D:\libxmlrpc\xmlrpcclient\Debug\link.5948-rc.write.1.tlog
D:\libxmlrpc\xmlrpcclient\Debug\link.5948.read.1.tlog
D:\libxmlrpc\xmlrpcclient\Debug\link.5948.write.1.tlog
D:\libxmlrpc\xmlrpcclient\Debug\link.6056-cvtres.read.1.tlog
D:\libxmlrpc\xmlrpcclient\Debug\link.6056-cvtres.write.1.tlog
D:\libxmlrpc\xmlrpcclient\Debug\link.6056-rc.read.1.tlog
D:\libxmlrpc\xmlrpcclient\Debug\link.6056-rc.write.1.tlog
D:\libxmlrpc\xmlrpcclient\Debug\link.6056.read.1.tlog
D:\libxmlrpc\xmlrpcclient\Debug\link.6056.write.1.tlog
D:\libxmlrpc\xmlrpcclient\Debug\link.6108-cvtres.read.1.tlog
D:\libxmlrpc\xmlrpcclient\Debug\link.6108-cvtres.write.1.tlog
D:\libxmlrpc\xmlrpcclient\Debug\link.6108-rc.read.1.tlog
D:\libxmlrpc\xmlrpcclient\Debug\link.6108-rc.write.1.tlog
D:\libxmlrpc\xmlrpcclient\Debug\link.6108.read.1.tlog
D:\libxmlrpc\xmlrpcclient\Debug\link.6108.write.1.tlog
D:\libxmlrpc\xmlrpcclient\Debug\link.6120-cvtres.read.1.tlog
D:\libxmlrpc\xmlrpcclient\Debug\link.6120-cvtres.write.1.tlog
D:\libxmlrpc\xmlrpcclient\Debug\link.6120-rc.read.1.tlog
D:\libxmlrpc\xmlrpcclient\Debug\link.6120-rc.write.1.tlog
D:\libxmlrpc\xmlrpcclient\Debug\link.6120.read.1.tlog
D:\libxmlrpc\xmlrpcclient\Debug\link.6120.write.1.tlog
D:\libxmlrpc\xmlrpcclient\Debug\link.6232-cvtres.read.1.tlog
D:\libxmlrpc\xmlrpcclient\Debug\link.6232-cvtres.write.1.tlog
D:\libxmlrpc\xmlrpcclient\Debug\link.6232-rc.read.1.tlog
D:\libxmlrpc\xmlrpcclient\Debug\link.6232-rc.write.1.tlog
D:\libxmlrpc\xmlrpcclient\Debug\link.6232.read.1.tlog
D:\libxmlrpc\xmlrpcclient\Debug\link.6232.write.1.tlog
D:\libxmlrpc\xmlrpcclient\Debug\link.6408-cvtres.read.1.tlog
D:\libxmlrpc\xmlrpcclient\Debug\link.6408-cvtres.write.1.tlog
D:\libxmlrpc\xmlrpcclient\Debug\link.6408-rc.read.1.tlog
D:\libxmlrpc\xmlrpcclient\Debug\link.6408-rc.write.1.tlog
D:\libxmlrpc\xmlrpcclient\Debug\link.6408.read.1.tlog
D:\libxmlrpc\xmlrpcclient\Debug\link.6408.write.1.tlog
D:\libxmlrpc\xmlrpcclient\Debug\link.6424-cvtres.read.1.tlog
D:\libxmlrpc\xmlrpcclient\Debug\link.6424-cvtres.write.1.tlog
D:\libxmlrpc\xmlrpcclient\Debug\link.6424-rc.read.1.tlog
D:\libxmlrpc\xmlrpcclient\Debug\link.6424-rc.write.1.tlog
D:\libxmlrpc\xmlrpcclient\Debug\link.6424.read.1.tlog
D:\libxmlrpc\xmlrpcclient\Debug\link.6424.write.1.tlog
D:\libxmlrpc\xmlrpcclient\Debug\link.6664-cvtres.read.1.tlog
D:\libxmlrpc\xmlrpcclient\Debug\link.6664-cvtres.write.1.tlog
D:\libxmlrpc\xmlrpcclient\Debug\link.6664-rc.read.1.tlog
D:\libxmlrpc\xmlrpcclient\Debug\link.6664-rc.write.1.tlog
D:\libxmlrpc\xmlrpcclient\Debug\link.6664.read.1.tlog
D:\libxmlrpc\xmlrpcclient\Debug\link.6664.write.1.tlog
D:\libxmlrpc\xmlrpcclient\Debug\link.6764-cvtres.read.1.tlog
D:\libxmlrpc\xmlrpcclient\Debug\link.6764-cvtres.write.1.tlog
D:\libxmlrpc\xmlrpcclient\Debug\link.6764-rc.read.1.tlog
D:\libxmlrpc\xmlrpcclient\Debug\link.6764-rc.write.1.tlog
D:\libxmlrpc\xmlrpcclient\Debug\link.6764.read.1.tlog
D:\libxmlrpc\xmlrpcclient\Debug\link.6764.write.1.tlog
D:\libxmlrpc\xmlrpcclient\Debug\link.6812-cvtres.read.1.tlog
D:\libxmlrpc\xmlrpcclient\Debug\link.6812-cvtres.write.1.tlog
D:\libxmlrpc\xmlrpcclient\Debug\link.6812-rc.read.1.tlog
D:\libxmlrpc\xmlrpcclient\Debug\link.6812-rc.write.1.tlog
D:\libxmlrpc\xmlrpcclient\Debug\link.6812.read.1.tlog
D:\libxmlrpc\xmlrpcclient\Debug\link.6812.write.1.tlog
D:\libxmlrpc\xmlrpcclient\Debug\link.command.1.tlog
D:\libxmlrpc\xmlrpcclient\Debug\link.read.1.tlog
D:\libxmlrpc\xmlrpcclient\Debug\link.write.1.tlog
D:\libxmlrpc\xmlrpcclient\Debug\vc110.idb
D:\libxmlrpc\xmlrpcclient\Debug\vc110.pdb
D:\libxmlrpc\Debug\xmlrpcclient.pdb
D:\libxmlrpc\Debug\xmlrpcclient.exe
D:\libxmlrpc\Debug\xmlrpcclient.ilk
